<?xml version="1.0" encoding="UTF-8"?>
<testsuite xmlns:xsi="http://www.w3.org/2001/XMLSchema-instance" xsi:noNamespaceSchemaLocation="https://maven.apache.org/surefire/maven-surefire-plugin/xsd/surefire-test-report-3.0.xsd" version="3.0" name="org.vinyas.LaptopResourceTest" time="18.391" tests="1" errors="1" skipped="0" failures="0">
  <properties>
    <property name="java.specification.version" value="17"/>
    <property name="sun.cpu.isalist" value="amd64"/>
    <property name="sun.jnu.encoding" value="Cp1252"/>
    <property name="java.class.path" value="C:\Users\VINYASN\QuarkusProjects\hibernate-orm-panachentity\hibernate-orm-panachentity\target\test-classes;C:\Users\VINYASN\QuarkusProjects\hibernate-orm-panachentity\hibernate-orm-panachentity\target\classes;C:\Users\VINYASN\.m2\repository\io\quarkus\quarkus-rest-client\3.2.4.Final\quarkus-rest-client-3.2.4.Final.jar;C:\Users\VINYASN\.m2\repository\io\quarkus\quarkus-core\3.2.4.Final\quarkus-core-3.2.4.Final.jar;C:\Users\VINYASN\.m2\repository\jakarta\annotation\jakarta.annotation-api\2.1.1\jakarta.annotation-api-2.1.1.jar;C:\Users\VINYASN\.m2\repository\jakarta\enterprise\jakarta.enterprise.cdi-api\4.0.1\jakarta.enterprise.cdi-api-4.0.1.jar;C:\Users\VINYASN\.m2\repository\jakarta\enterprise\jakarta.enterprise.lang-model\4.0.1\jakarta.enterprise.lang-model-4.0.1.jar;C:\Users\VINYASN\.m2\repository\jakarta\el\jakarta.el-api\5.0.1\jakarta.el-api-5.0.1.jar;C:\Users\VINYASN\.m2\repository\jakarta\inject\jakarta.inject-api\2.0.1\jakarta.inject-api-2.0.1.jar;C:\Users\VINYASN\.m2\repository\io\smallrye\common\smallrye-common-os\2.1.0\smallrye-common-os-2.1.0.jar;C:\Users\VINYASN\.m2\repository\io\quarkus\quarkus-ide-launcher\3.2.4.Final\quarkus-ide-launcher-3.2.4.Final.jar;C:\Users\VINYASN\.m2\repository\io\quarkus\quarkus-development-mode-spi\3.2.4.Final\quarkus-development-mode-spi-3.2.4.Final.jar;C:\Users\VINYASN\.m2\repository\io\smallrye\config\smallrye-config\3.3.2\smallrye-config-3.3.2.jar;C:\Users\VINYASN\.m2\repository\io\smallrye\config\smallrye-config-core\3.3.2\smallrye-config-core-3.3.2.jar;C:\Users\VINYASN\.m2\repository\io\smallrye\common\smallrye-common-expression\2.1.0\smallrye-common-expression-2.1.0.jar;C:\Users\VINYASN\.m2\repository\io\smallrye\common\smallrye-common-function\2.1.0\smallrye-common-function-2.1.0.jar;C:\Users\VINYASN\.m2\repository\io\smallrye\common\smallrye-common-classloader\2.1.0\smallrye-common-classloader-2.1.0.jar;C:\Users\VINYASN\.m2\repository\io\smallrye\config\smallrye-config-common\3.3.2\smallrye-config-common-3.3.2.jar;C:\Users\VINYASN\.m2\repository\org\jboss\logging\jboss-logging\3.5.1.Final\jboss-logging-3.5.1.Final.jar;C:\Users\VINYASN\.m2\repository\org\jboss\logmanager\jboss-logmanager-embedded\1.1.1\jboss-logmanager-embedded-1.1.1.jar;C:\Users\VINYASN\.m2\repository\org\jboss\logging\jboss-logging-annotations\2.2.1.Final\jboss-logging-annotations-2.2.1.Final.jar;C:\Users\VINYASN\.m2\repository\org\jboss\threads\jboss-threads\3.5.0.Final\jboss-threads-3.5.0.Final.jar;C:\Users\VINYASN\.m2\repository\org\slf4j\slf4j-api\2.0.6\slf4j-api-2.0.6.jar;C:\Users\VINYASN\.m2\repository\org\jboss\slf4j\slf4j-jboss-logmanager\2.0.0.Final\slf4j-jboss-logmanager-2.0.0.Final.jar;C:\Users\VINYASN\.m2\repository\org\graalvm\sdk\graal-sdk\23.0.1\graal-sdk-23.0.1.jar;C:\Users\VINYASN\.m2\repository\org\wildfly\common\wildfly-common\1.5.4.Final-format-001\wildfly-common-1.5.4.Final-format-001.jar;C:\Users\VINYASN\.m2\repository\io\quarkus\quarkus-bootstrap-runner\3.2.4.Final\quarkus-bootstrap-runner-3.2.4.Final.jar;C:\Users\VINYASN\.m2\repository\io\quarkus\quarkus-fs-util\0.0.9\quarkus-fs-util-0.0.9.jar;C:\Users\VINYASN\.m2\repository\io\quarkus\quarkus-resteasy-common\3.2.4.Final\quarkus-resteasy-common-3.2.4.Final.jar;C:\Users\VINYASN\.m2\repository\org\jboss\resteasy\resteasy-core\6.2.4.Final\resteasy-core-6.2.4.Final.jar;C:\Users\VINYASN\.m2\repository\org\jboss\resteasy\resteasy-core-spi\6.2.4.Final\resteasy-core-spi-6.2.4.Final.jar;C:\Users\VINYASN\.m2\repository\org\reactivestreams\reactive-streams\1.0.4\reactive-streams-1.0.4.jar;C:\Users\VINYASN\.m2\repository\com\ibm\async\asyncutil\0.1.0\asyncutil-0.1.0.jar;C:\Users\VINYASN\.m2\repository\org\eclipse\angus\angus-activation\2.0.1\angus-activation-2.0.1.jar;C:\Users\VINYASN\.m2\repository\org\jboss\resteasy\resteasy-cdi\6.2.4.Final\resteasy-cdi-6.2.4.Final.jar;C:\Users\VINYASN\.m2\repository\org\jboss\weld\weld-api\5.0.SP2\weld-api-5.0.SP2.jar;C:\Users\VINYASN\.m2\repository\org\jboss\resteasy\microprofile\microprofile-config\2.1.1.Final\microprofile-config-2.1.1.Final.jar;C:\Users\VINYASN\.m2\repository\jakarta\servlet\jakarta.servlet-api\6.0.0\jakarta.servlet-api-6.0.0.jar;C:\Users\VINYASN\.m2\repository\io\quarkus\quarkus-apache-httpclient\3.2.4.Final\quarkus-apache-httpclient-3.2.4.Final.jar;C:\Users\VINYASN\.m2\repository\io\quarkus\quarkus-rest-client-config\3.2.4.Final\quarkus-rest-client-config-3.2.4.Final.jar;C:\Users\VINYASN\.m2\repository\org\eclipse\microprofile\rest\client\microprofile-rest-client-api\3.0.1\microprofile-rest-client-api-3.0.1.jar;C:\Users\VINYASN\.m2\repository\io\smallrye\jandex\3.1.2\jandex-3.1.2.jar;C:\Users\VINYASN\.m2\repository\org\jboss\resteasy\microprofile\microprofile-rest-client\2.1.1.Final\microprofile-rest-client-2.1.1.Final.jar;C:\Users\VINYASN\.m2\repository\org\jboss\resteasy\microprofile\microprofile-rest-client-base\2.1.1.Final\microprofile-rest-client-base-2.1.1.Final.jar;C:\Users\VINYASN\.m2\repository\org\jboss\resteasy\resteasy-client\6.2.4.Final\resteasy-client-6.2.4.Final.jar;C:\Users\VINYASN\.m2\repository\org\jboss\resteasy\resteasy-client-api\6.2.4.Final\resteasy-client-api-6.2.4.Final.jar;C:\Users\VINYASN\.m2\repository\jakarta\interceptor\jakarta.interceptor-api\2.1.0\jakarta.interceptor-api-2.1.0.jar;C:\Users\VINYASN\.m2\repository\jakarta\ws\rs\jakarta.ws.rs-api\3.1.0\jakarta.ws.rs-api-3.1.0.jar;C:\Users\VINYASN\.m2\repository\org\apache\httpcomponents\httpasyncclient\4.1.5\httpasyncclient-4.1.5.jar;C:\Users\VINYASN\.m2\repository\org\apache\httpcomponents\httpcore\4.4.16\httpcore-4.4.16.jar;C:\Users\VINYASN\.m2\repository\org\apache\httpcomponents\httpcore-nio\4.4.16\httpcore-nio-4.4.16.jar;C:\Users\VINYASN\.m2\repository\org\jboss\logging\commons-logging-jboss-logging\1.0.0.Final\commons-logging-jboss-logging-1.0.0.Final.jar;C:\Users\VINYASN\.m2\repository\io\quarkus\quarkus-hibernate-orm-panache\3.2.4.Final\quarkus-hibernate-orm-panache-3.2.4.Final.jar;C:\Users\VINYASN\.m2\repository\io\quarkus\quarkus-hibernate-orm-panache-common\3.2.4.Final\quarkus-hibernate-orm-panache-common-3.2.4.Final.jar;C:\Users\VINYASN\.m2\repository\io\quarkus\quarkus-panache-hibernate-common\3.2.4.Final\quarkus-panache-hibernate-common-3.2.4.Final.jar;C:\Users\VINYASN\.m2\repository\io\quarkus\quarkus-panache-common\3.2.4.Final\quarkus-panache-common-3.2.4.Final.jar;C:\Users\VINYASN\.m2\repository\io\quarkus\quarkus-resteasy\3.2.4.Final\quarkus-resteasy-3.2.4.Final.jar;C:\Users\VINYASN\.m2\repository\io\quarkus\quarkus-vertx-http\3.2.4.Final\quarkus-vertx-http-3.2.4.Final.jar;C:\Users\VINYASN\.m2\repository\io\quarkus\quarkus-security-runtime-spi\3.2.4.Final\quarkus-security-runtime-spi-3.2.4.Final.jar;C:\Users\VINYASN\.m2\repository\io\quarkus\quarkus-credentials\3.2.4.Final\quarkus-credentials-3.2.4.Final.jar;C:\Users\VINYASN\.m2\repository\io\quarkus\quarkus-mutiny\3.2.4.Final\quarkus-mutiny-3.2.4.Final.jar;C:\Users\VINYASN\.m2\repository\io\quarkus\quarkus-smallrye-context-propagation\3.2.4.Final\quarkus-smallrye-context-propagation-3.2.4.Final.jar;C:\Users\VINYASN\.m2\repository\io\smallrye\smallrye-context-propagation\2.1.0\smallrye-context-propagation-2.1.0.jar;C:\Users\VINYASN\.m2\repository\io\smallrye\smallrye-context-propagation-api\2.1.0\smallrye-context-propagation-api-2.1.0.jar;C:\Users\VINYASN\.m2\repository\io\smallrye\smallrye-context-propagation-storage\2.1.0\smallrye-context-propagation-storage-2.1.0.jar;C:\Users\VINYASN\.m2\repository\io\smallrye\reactive\mutiny-smallrye-context-propagation\2.3.1\mutiny-smallrye-context-propagation-2.3.1.jar;C:\Users\VINYASN\.m2\repository\io\smallrye\common\smallrye-common-vertx-context\2.1.0\smallrye-common-vertx-context-2.1.0.jar;C:\Users\VINYASN\.m2\repository\io\vertx\vertx-core\4.4.4\vertx-core-4.4.4.jar;C:\Users\VINYASN\.m2\repository\io\netty\netty-common\4.1.94.Final\netty-common-4.1.94.Final.jar;C:\Users\VINYASN\.m2\repository\io\netty\netty-buffer\4.1.94.Final\netty-buffer-4.1.94.Final.jar;C:\Users\VINYASN\.m2\repository\io\netty\netty-transport\4.1.94.Final\netty-transport-4.1.94.Final.jar;C:\Users\VINYASN\.m2\repository\io\netty\netty-handler\4.1.94.Final\netty-handler-4.1.94.Final.jar;C:\Users\VINYASN\.m2\repository\io\netty\netty-transport-native-unix-common\4.1.94.Final\netty-transport-native-unix-common-4.1.94.Final.jar;C:\Users\VINYASN\.m2\repository\io\netty\netty-handler-proxy\4.1.94.Final\netty-handler-proxy-4.1.94.Final.jar;C:\Users\VINYASN\.m2\repository\io\netty\netty-codec-socks\4.1.94.Final\netty-codec-socks-4.1.94.Final.jar;C:\Users\VINYASN\.m2\repository\io\netty\netty-codec-http\4.1.94.Final\netty-codec-http-4.1.94.Final.jar;C:\Users\VINYASN\.m2\repository\io\netty\netty-codec-http2\4.1.94.Final\netty-codec-http2-4.1.94.Final.jar;C:\Users\VINYASN\.m2\repository\io\netty\netty-resolver\4.1.94.Final\netty-resolver-4.1.94.Final.jar;C:\Users\VINYASN\.m2\repository\io\netty\netty-resolver-dns\4.1.94.Final\netty-resolver-dns-4.1.94.Final.jar;C:\Users\VINYASN\.m2\repository\io\netty\netty-codec-dns\4.1.94.Final\netty-codec-dns-4.1.94.Final.jar;C:\Users\VINYASN\.m2\repository\io\smallrye\common\smallrye-common-constraint\2.1.0\smallrye-common-constraint-2.1.0.jar;C:\Users\VINYASN\.m2\repository\io\quarkus\quarkus-vertx-http-dev-console-runtime-spi\3.2.4.Final\quarkus-vertx-http-dev-console-runtime-spi-3.2.4.Final.jar;C:\Users\VINYASN\.m2\repository\io\quarkus\security\quarkus-security\2.0.2.Final\quarkus-security-2.0.2.Final.jar;C:\Users\VINYASN\.m2\repository\io\quarkus\quarkus-vertx\3.2.4.Final\quarkus-vertx-3.2.4.Final.jar;C:\Users\VINYASN\.m2\repository\io\quarkus\quarkus-netty\3.2.4.Final\quarkus-netty-3.2.4.Final.jar;C:\Users\VINYASN\.m2\repository\io\netty\netty-codec\4.1.94.Final\netty-codec-4.1.94.Final.jar;C:\Users\VINYASN\.m2\repository\com\aayushatharva\brotli4j\brotli4j\1.12.0\brotli4j-1.12.0.jar;C:\Users\VINYASN\.m2\repository\com\aayushatharva\brotli4j\service\1.12.0\service-1.12.0.jar;C:\Users\VINYASN\.m2\repository\com\aayushatharva\brotli4j\native-windows-x86_64\1.12.0\native-windows-x86_64-1.12.0.jar;C:\Users\VINYASN\.m2\repository\io\netty\netty-codec-haproxy\4.1.94.Final\netty-codec-haproxy-4.1.94.Final.jar;C:\Users\VINYASN\.m2\repository\io\smallrye\common\smallrye-common-annotation\2.1.0\smallrye-common-annotation-2.1.0.jar;C:\Users\VINYASN\.m2\repository\io\quarkus\quarkus-vertx-latebound-mdc-provider\3.2.4.Final\quarkus-vertx-latebound-mdc-provider-3.2.4.Final.jar;C:\Users\VINYASN\.m2\repository\io\smallrye\reactive\smallrye-mutiny-vertx-core\3.5.0\smallrye-mutiny-vertx-core-3.5.0.jar;C:\Users\VINYASN\.m2\repository\io\smallrye\reactive\smallrye-mutiny-vertx-runtime\3.5.0\smallrye-mutiny-vertx-runtime-3.5.0.jar;C:\Users\VINYASN\.m2\repository\io\smallrye\reactive\vertx-mutiny-generator\3.5.0\vertx-mutiny-generator-3.5.0.jar;C:\Users\VINYASN\.m2\repository\io\vertx\vertx-codegen\4.4.4\vertx-codegen-4.4.4.jar;C:\Users\VINYASN\.m2\repository\io\smallrye\smallrye-fault-tolerance-vertx\6.2.6\smallrye-fault-tolerance-vertx-6.2.6.jar;C:\Users\VINYASN\.m2\repository\io\smallrye\reactive\smallrye-mutiny-vertx-web\3.5.0\smallrye-mutiny-vertx-web-3.5.0.jar;C:\Users\VINYASN\.m2\repository\io\smallrye\reactive\smallrye-mutiny-vertx-web-common\3.5.0\smallrye-mutiny-vertx-web-common-3.5.0.jar;C:\Users\VINYASN\.m2\repository\io\smallrye\reactive\smallrye-mutiny-vertx-auth-common\3.5.0\smallrye-mutiny-vertx-auth-common-3.5.0.jar;C:\Users\VINYASN\.m2\repository\io\smallrye\reactive\smallrye-mutiny-vertx-bridge-common\3.5.0\smallrye-mutiny-vertx-bridge-common-3.5.0.jar;C:\Users\VINYASN\.m2\repository\io\smallrye\reactive\smallrye-mutiny-vertx-uri-template\3.5.0\smallrye-mutiny-vertx-uri-template-3.5.0.jar;C:\Users\VINYASN\.m2\repository\io\vertx\vertx-uri-template\4.4.4\vertx-uri-template-4.4.4.jar;C:\Users\VINYASN\.m2\repository\io\vertx\vertx-web\4.4.4\vertx-web-4.4.4.jar;C:\Users\VINYASN\.m2\repository\io\vertx\vertx-web-common\4.4.4\vertx-web-common-4.4.4.jar;C:\Users\VINYASN\.m2\repository\io\vertx\vertx-auth-common\4.4.4\vertx-auth-common-4.4.4.jar;C:\Users\VINYASN\.m2\repository\io\vertx\vertx-bridge-common\4.4.4\vertx-bridge-common-4.4.4.jar;C:\Users\VINYASN\.m2\repository\io\github\crac\org-crac\0.1.3\org-crac-0.1.3.jar;C:\Users\VINYASN\.m2\repository\io\quarkus\quarkus-resteasy-server-common\3.2.4.Final\quarkus-resteasy-server-common-3.2.4.Final.jar;C:\Users\VINYASN\.m2\repository\jakarta\validation\jakarta.validation-api\3.0.2\jakarta.validation-api-3.0.2.jar;C:\Users\VINYASN\.m2\repository\io\quarkus\quarkus-resteasy-jackson\3.2.4.Final\quarkus-resteasy-jackson-3.2.4.Final.jar;C:\Users\VINYASN\.m2\repository\io\quarkus\quarkus-jackson\3.2.4.Final\quarkus-jackson-3.2.4.Final.jar;C:\Users\VINYASN\.m2\repository\com\fasterxml\jackson\core\jackson-databind\2.15.2\jackson-databind-2.15.2.jar;C:\Users\VINYASN\.m2\repository\com\fasterxml\jackson\datatype\jackson-datatype-jsr310\2.15.2\jackson-datatype-jsr310-2.15.2.jar;C:\Users\VINYASN\.m2\repository\com\fasterxml\jackson\datatype\jackson-datatype-jdk8\2.15.2\jackson-datatype-jdk8-2.15.2.jar;C:\Users\VINYASN\.m2\repository\com\fasterxml\jackson\module\jackson-module-parameter-names\2.15.2\jackson-module-parameter-names-2.15.2.jar;C:\Users\VINYASN\.m2\repository\org\jboss\resteasy\resteasy-jackson2-provider\6.2.4.Final\resteasy-jackson2-provider-6.2.4.Final.jar;C:\Users\VINYASN\.m2\repository\com\fasterxml\jackson\core\jackson-core\2.15.2\jackson-core-2.15.2.jar;C:\Users\VINYASN\.m2\repository\com\fasterxml\jackson\core\jackson-annotations\2.15.2\jackson-annotations-2.15.2.jar;C:\Users\VINYASN\.m2\repository\com\fasterxml\jackson\jakarta\rs\jackson-jakarta-rs-base\2.15.2\jackson-jakarta-rs-base-2.15.2.jar;C:\Users\VINYASN\.m2\repository\com\fasterxml\jackson\jakarta\rs\jackson-jakarta-rs-json-provider\2.15.2\jackson-jakarta-rs-json-provider-2.15.2.jar;C:\Users\VINYASN\.m2\repository\com\fasterxml\jackson\module\jackson-module-jakarta-xmlbind-annotations\2.15.2\jackson-module-jakarta-xmlbind-annotations-2.15.2.jar;C:\Users\VINYASN\.m2\repository\com\github\java-json-tools\json-patch\1.13\json-patch-1.13.jar;C:\Users\VINYASN\.m2\repository\com\github\java-json-tools\msg-simple\1.2\msg-simple-1.2.jar;C:\Users\VINYASN\.m2\repository\com\github\java-json-tools\btf\1.3\btf-1.3.jar;C:\Users\VINYASN\.m2\repository\com\github\java-json-tools\jackson-coreutils\2.0\jackson-coreutils-2.0.jar;C:\Users\VINYASN\.m2\repository\jakarta\xml\bind\jakarta.xml.bind-api\4.0.0\jakarta.xml.bind-api-4.0.0.jar;C:\Users\VINYASN\.m2\repository\jakarta\activation\jakarta.activation-api\2.1.2\jakarta.activation-api-2.1.2.jar;C:\Users\VINYASN\.m2\repository\io\quarkus\quarkus-jdbc-postgresql\3.2.4.Final\quarkus-jdbc-postgresql-3.2.4.Final.jar;C:\Users\VINYASN\.m2\repository\org\postgresql\postgresql\42.6.0\postgresql-42.6.0.jar;C:\Users\VINYASN\.m2\repository\io\quarkus\quarkus-arc\3.2.4.Final\quarkus-arc-3.2.4.Final.jar;C:\Users\VINYASN\.m2\repository\io\quarkus\arc\arc\3.2.4.Final\arc-3.2.4.Final.jar;C:\Users\VINYASN\.m2\repository\io\smallrye\reactive\mutiny\2.3.1\mutiny-2.3.1.jar;C:\Users\VINYASN\.m2\repository\org\eclipse\microprofile\context-propagation\microprofile-context-propagation-api\1.3\microprofile-context-propagation-api-1.3.jar;C:\Users\VINYASN\.m2\repository\io\quarkus\quarkus-hibernate-orm\3.2.4.Final\quarkus-hibernate-orm-3.2.4.Final.jar;C:\Users\VINYASN\.m2\repository\io\quarkus\quarkus-agroal\3.2.4.Final\quarkus-agroal-3.2.4.Final.jar;C:\Users\VINYASN\.m2\repository\io\quarkus\quarkus-datasource\3.2.4.Final\quarkus-datasource-3.2.4.Final.jar;C:\Users\VINYASN\.m2\repository\io\agroal\agroal-api\2.1\agroal-api-2.1.jar;C:\Users\VINYASN\.m2\repository\io\agroal\agroal-narayana\2.1\agroal-narayana-2.1.jar;C:\Users\VINYASN\.m2\repository\org\jboss\jboss-transaction-spi\8.0.0.Final\jboss-transaction-spi-8.0.0.Final.jar;C:\Users\VINYASN\.m2\repository\io\agroal\agroal-pool\2.1\agroal-pool-2.1.jar;C:\Users\VINYASN\.m2\repository\io\quarkus\quarkus-narayana-jta\3.2.4.Final\quarkus-narayana-jta-3.2.4.Final.jar;C:\Users\VINYASN\.m2\repository\io\quarkus\quarkus-transaction-annotations\3.2.4.Final\quarkus-transaction-annotations-3.2.4.Final.jar;C:\Users\VINYASN\.m2\repository\io\quarkus\quarkus-datasource-common\3.2.4.Final\quarkus-datasource-common-3.2.4.Final.jar;C:\Users\VINYASN\.m2\repository\io\smallrye\smallrye-context-propagation-jta\2.1.0\smallrye-context-propagation-jta-2.1.0.jar;C:\Users\VINYASN\.m2\repository\io\smallrye\reactive\smallrye-reactive-converter-api\3.0.0\smallrye-reactive-converter-api-3.0.0.jar;C:\Users\VINYASN\.m2\repository\io\smallrye\reactive\smallrye-reactive-converter-mutiny\3.0.0\smallrye-reactive-converter-mutiny-3.0.0.jar;C:\Users\VINYASN\.m2\repository\io\smallrye\reactive\mutiny-zero-flow-adapters\1.0.0\mutiny-zero-flow-adapters-1.0.0.jar;C:\Users\VINYASN\.m2\repository\org\jboss\narayana\jta\narayana-jta\6.0.1.Final\narayana-jta-6.0.1.Final.jar;C:\Users\VINYASN\.m2\repository\jakarta\resource\jakarta.resource-api\2.0.0\jakarta.resource-api-2.0.0.jar;C:\Users\VINYASN\.m2\repository\org\jboss\invocation\jboss-invocation\2.0.0.Final\jboss-invocation-2.0.0.Final.jar;C:\Users\VINYASN\.m2\repository\jakarta\ejb\jakarta.ejb-api\4.0.1\jakarta.ejb-api-4.0.1.jar;C:\Users\VINYASN\.m2\repository\org\eclipse\microprofile\reactive-streams-operators\microprofile-reactive-streams-operators-api\3.0\microprofile-reactive-streams-operators-api-3.0.jar;C:\Users\VINYASN\.m2\repository\org\jboss\narayana\jts\narayana-jts-integration\6.0.1.Final\narayana-jts-integration-6.0.1.Final.jar;C:\Users\VINYASN\.m2\repository\org\hibernate\orm\hibernate-core\6.2.7.Final\hibernate-core-6.2.7.Final.jar;C:\Users\VINYASN\.m2\repository\com\fasterxml\classmate\1.5.1\classmate-1.5.1.jar;C:\Users\VINYASN\.m2\repository\org\antlr\antlr4-runtime\4.10.1\antlr4-runtime-4.10.1.jar;C:\Users\VINYASN\.m2\repository\net\bytebuddy\byte-buddy\1.12.18\byte-buddy-1.12.18.jar;C:\Users\VINYASN\.m2\repository\org\hibernate\common\hibernate-commons-annotations\6.0.6.Final\hibernate-commons-annotations-6.0.6.Final.jar;C:\Users\VINYASN\.m2\repository\org\hibernate\orm\hibernate-graalvm\6.2.7.Final\hibernate-graalvm-6.2.7.Final.jar;C:\Users\VINYASN\.m2\repository\org\glassfish\jaxb\jaxb-runtime\4.0.3\jaxb-runtime-4.0.3.jar;C:\Users\VINYASN\.m2\repository\org\glassfish\jaxb\jaxb-core\4.0.3\jaxb-core-4.0.3.jar;C:\Users\VINYASN\.m2\repository\org\glassfish\jaxb\txw2\4.0.3\txw2-4.0.3.jar;C:\Users\VINYASN\.m2\repository\com\sun\istack\istack-commons-runtime\4.1.2\istack-commons-runtime-4.1.2.jar;C:\Users\VINYASN\.m2\repository\jakarta\persistence\jakarta.persistence-api\3.1.0\jakarta.persistence-api-3.1.0.jar;C:\Users\VINYASN\.m2\repository\jakarta\transaction\jakarta.transaction-api\2.0.1\jakarta.transaction-api-2.0.1.jar;C:\Users\VINYASN\.m2\repository\org\hibernate\quarkus-local-cache\0.2.1\quarkus-local-cache-0.2.1.jar;C:\Users\VINYASN\.m2\repository\io\quarkus\quarkus-caffeine\3.2.4.Final\quarkus-caffeine-3.2.4.Final.jar;C:\Users\VINYASN\.m2\repository\com\github\ben-manes\caffeine\caffeine\3.1.5\caffeine-3.1.5.jar;C:\Users\VINYASN\.m2\repository\com\google\errorprone\error_prone_annotations\2.19.1\error_prone_annotations-2.19.1.jar;C:\Users\VINYASN\.m2\repository\io\quarkus\quarkus-rest-client-jackson\3.2.4.Final\quarkus-rest-client-jackson-3.2.4.Final.jar;C:\Users\VINYASN\.m2\repository\io\quarkus\quarkus-junit5\3.2.4.Final\quarkus-junit5-3.2.4.Final.jar;C:\Users\VINYASN\.m2\repository\io\quarkus\quarkus-bootstrap-core\3.2.4.Final\quarkus-bootstrap-core-3.2.4.Final.jar;C:\Users\VINYASN\.m2\repository\io\quarkus\quarkus-bootstrap-app-model\3.2.4.Final\quarkus-bootstrap-app-model-3.2.4.Final.jar;C:\Users\VINYASN\.m2\repository\io\smallrye\common\smallrye-common-io\2.1.0\smallrye-common-io-2.1.0.jar;C:\Users\VINYASN\.m2\repository\org\eclipse\sisu\org.eclipse.sisu.inject\0.3.5\org.eclipse.sisu.inject-0.3.5.jar;C:\Users\VINYASN\.m2\repository\io\quarkus\quarkus-test-common\3.2.4.Final\quarkus-test-common-3.2.4.Final.jar;C:\Users\VINYASN\.m2\repository\io\quarkus\quarkus-core-deployment\3.2.4.Final\quarkus-core-deployment-3.2.4.Final.jar;C:\Users\VINYASN\.m2\repository\org\aesh\readline\2.4\readline-2.4.jar;C:\Users\VINYASN\.m2\repository\org\fusesource\jansi\jansi\2.4.0\jansi-2.4.0.jar;C:\Users\VINYASN\.m2\repository\org\aesh\aesh\2.7\aesh-2.7.jar;C:\Users\VINYASN\.m2\repository\io\quarkus\gizmo\gizmo\1.6.1.Final\gizmo-1.6.1.Final.jar;C:\Users\VINYASN\.m2\repository\org\ow2\asm\asm-util\9.5\asm-util-9.5.jar;C:\Users\VINYASN\.m2\repository\org\ow2\asm\asm-analysis\9.5\asm-analysis-9.5.jar;C:\Users\VINYASN\.m2\repository\org\ow2\asm\asm\9.5\asm-9.5.jar;C:\Users\VINYASN\.m2\repository\org\ow2\asm\asm-commons\9.5\asm-commons-9.5.jar;C:\Users\VINYASN\.m2\repository\org\ow2\asm\asm-tree\9.5\asm-tree-9.5.jar;C:\Users\VINYASN\.m2\repository\io\quarkus\quarkus-class-change-agent\3.2.4.Final\quarkus-class-change-agent-3.2.4.Final.jar;C:\Users\VINYASN\.m2\repository\io\quarkus\quarkus-devtools-utilities\3.2.4.Final\quarkus-devtools-utilities-3.2.4.Final.jar;C:\Users\VINYASN\.m2\repository\io\quarkus\quarkus-builder\3.2.4.Final\quarkus-builder-3.2.4.Final.jar;C:\Users\VINYASN\.m2\repository\org\junit\platform\junit-platform-launcher\1.9.3\junit-platform-launcher-1.9.3.jar;C:\Users\VINYASN\.m2\repository\io\quarkus\quarkus-bootstrap-maven-resolver\3.2.4.Final\quarkus-bootstrap-maven-resolver-3.2.4.Final.jar;C:\Users\VINYASN\.m2\repository\io\smallrye\beanbag\smallrye-beanbag-maven\1.3.2\smallrye-beanbag-maven-1.3.2.jar;C:\Users\VINYASN\.m2\repository\io\smallrye\beanbag\smallrye-beanbag-sisu\1.3.2\smallrye-beanbag-sisu-1.3.2.jar;C:\Users\VINYASN\.m2\repository\io\smallrye\beanbag\smallrye-beanbag\1.3.2\smallrye-beanbag-1.3.2.jar;C:\Users\VINYASN\.m2\repository\javax\inject\javax.inject\1\javax.inject-1.jar;C:\Users\VINYASN\.m2\repository\org\apache\maven\maven-artifact\3.9.3\maven-artifact-3.9.3.jar;C:\Users\VINYASN\.m2\repository\org\apache\maven\maven-builder-support\3.9.3\maven-builder-support-3.9.3.jar;C:\Users\VINYASN\.m2\repository\org\apache\maven\maven-model\3.9.3\maven-model-3.9.3.jar;C:\Users\VINYASN\.m2\repository\org\apache\maven\maven-model-builder\3.9.3\maven-model-builder-3.9.3.jar;C:\Users\VINYASN\.m2\repository\org\apache\maven\maven-repository-metadata\3.9.3\maven-repository-metadata-3.9.3.jar;C:\Users\VINYASN\.m2\repository\org\apache\maven\maven-settings\3.9.3\maven-settings-3.9.3.jar;C:\Users\VINYASN\.m2\repository\org\apache\maven\resolver\maven-resolver-api\1.9.13\maven-resolver-api-1.9.13.jar;C:\Users\VINYASN\.m2\repository\org\apache\maven\resolver\maven-resolver-impl\1.9.13\maven-resolver-impl-1.9.13.jar;C:\Users\VINYASN\.m2\repository\org\apache\maven\resolver\maven-resolver-named-locks\1.9.13\maven-resolver-named-locks-1.9.13.jar;C:\Users\VINYASN\.m2\repository\org\apache\maven\resolver\maven-resolver-spi\1.9.13\maven-resolver-spi-1.9.13.jar;C:\Users\VINYASN\.m2\repository\org\apache\maven\resolver\maven-resolver-util\1.9.13\maven-resolver-util-1.9.13.jar;C:\Users\VINYASN\.m2\repository\org\apache\maven\resolver\maven-resolver-transport-http\1.9.10\maven-resolver-transport-http-1.9.10.jar;C:\Users\VINYASN\.m2\repository\org\apache\maven\wagon\wagon-provider-api\3.5.3\wagon-provider-api-3.5.3.jar;C:\Users\VINYASN\.m2\repository\org\apache\maven\wagon\wagon-http-shared\3.5.3\wagon-http-shared-3.5.3.jar;C:\Users\VINYASN\.m2\repository\org\codehaus\plexus\plexus-interpolation\1.26\plexus-interpolation-1.26.jar;C:\Users\VINYASN\.m2\repository\org\codehaus\plexus\plexus-utils\3.5.1\plexus-utils-3.5.1.jar;C:\Users\VINYASN\.m2\repository\org\codehaus\plexus\plexus-xml\4.0.0\plexus-xml-4.0.0.jar;C:\Users\VINYASN\.m2\repository\org\apache\maven\maven-xml-impl\4.0.0-alpha-5\maven-xml-impl-4.0.0-alpha-5.jar;C:\Users\VINYASN\.m2\repository\org\apache\maven\maven-api-xml\4.0.0-alpha-5\maven-api-xml-4.0.0-alpha-5.jar;C:\Users\VINYASN\.m2\repository\org\apache\maven\maven-api-meta\4.0.0-alpha-5\maven-api-meta-4.0.0-alpha-5.jar;C:\Users\VINYASN\.m2\repository\org\codehaus\plexus\plexus-cipher\2.0\plexus-cipher-2.0.jar;C:\Users\VINYASN\.m2\repository\org\codehaus\plexus\plexus-sec-dispatcher\2.0\plexus-sec-dispatcher-2.0.jar;C:\Users\VINYASN\.m2\repository\org\apache\maven\maven-embedder\3.9.3\maven-embedder-3.9.3.jar;C:\Users\VINYASN\.m2\repository\org\apache\maven\maven-core\3.9.3\maven-core-3.9.3.jar;C:\Users\VINYASN\.m2\repository\org\codehaus\plexus\plexus-component-annotations\2.1.0\plexus-component-annotations-2.1.0.jar;C:\Users\VINYASN\.m2\repository\org\apache\maven\maven-plugin-api\3.9.3\maven-plugin-api-3.9.3.jar;C:\Users\VINYASN\.m2\repository\org\apache\maven\shared\maven-shared-utils\3.3.4\maven-shared-utils-3.3.4.jar;C:\Users\VINYASN\.m2\repository\com\google\inject\guice\5.1.0\guice-5.1.0.jar;C:\Users\VINYASN\.m2\repository\aopalliance\aopalliance\1.0\aopalliance-1.0.jar;C:\Users\VINYASN\.m2\repository\com\google\guava\guava\32.0.0-jre\guava-32.0.0-jre.jar;C:\Users\VINYASN\.m2\repository\com\google\guava\failureaccess\1.0.1\failureaccess-1.0.1.jar;C:\Users\VINYASN\.m2\repository\javax\annotation\javax.annotation-api\1.3.2\javax.annotation-api-1.3.2.jar;C:\Users\VINYASN\.m2\repository\org\codehaus\plexus\plexus-classworlds\2.6.0\plexus-classworlds-2.6.0.jar;C:\Users\VINYASN\.m2\repository\commons-cli\commons-cli\1.5.0\commons-cli-1.5.0.jar;C:\Users\VINYASN\.m2\repository\org\eclipse\sisu\org.eclipse.sisu.plexus\0.3.5\org.eclipse.sisu.plexus-0.3.5.jar;C:\Users\VINYASN\.m2\repository\org\apache\maven\maven-settings-builder\3.9.3\maven-settings-builder-3.9.3.jar;C:\Users\VINYASN\.m2\repository\org\apache\maven\maven-resolver-provider\3.9.3\maven-resolver-provider-3.9.3.jar;C:\Users\VINYASN\.m2\repository\org\apache\maven\resolver\maven-resolver-connector-basic\1.9.13\maven-resolver-connector-basic-1.9.13.jar;C:\Users\VINYASN\.m2\repository\org\apache\maven\resolver\maven-resolver-transport-wagon\1.9.13\maven-resolver-transport-wagon-1.9.13.jar;C:\Users\VINYASN\.m2\repository\org\apache\maven\wagon\wagon-http\3.5.3\wagon-http-3.5.3.jar;C:\Users\VINYASN\.m2\repository\org\apache\maven\wagon\wagon-file\3.5.3\wagon-file-3.5.3.jar;C:\Users\VINYASN\.m2\repository\io\quarkus\quarkus-bootstrap-gradle-resolver\3.2.4.Final\quarkus-bootstrap-gradle-resolver-3.2.4.Final.jar;C:\Users\VINYASN\.m2\repository\commons-io\commons-io\2.13.0\commons-io-2.13.0.jar;C:\Users\VINYASN\.m2\repository\io\quarkus\quarkus-junit5-properties\3.2.4.Final\quarkus-junit5-properties-3.2.4.Final.jar;C:\Users\VINYASN\.m2\repository\org\junit\jupiter\junit-jupiter\5.9.3\junit-jupiter-5.9.3.jar;C:\Users\VINYASN\.m2\repository\org\junit\jupiter\junit-jupiter-api\5.9.3\junit-jupiter-api-5.9.3.jar;C:\Users\VINYASN\.m2\repository\org\opentest4j\opentest4j\1.2.0\opentest4j-1.2.0.jar;C:\Users\VINYASN\.m2\repository\org\junit\platform\junit-platform-commons\1.9.3\junit-platform-commons-1.9.3.jar;C:\Users\VINYASN\.m2\repository\org\apiguardian\apiguardian-api\1.1.2\apiguardian-api-1.1.2.jar;C:\Users\VINYASN\.m2\repository\org\junit\jupiter\junit-jupiter-params\5.9.3\junit-jupiter-params-5.9.3.jar;C:\Users\VINYASN\.m2\repository\org\junit\jupiter\junit-jupiter-engine\5.9.3\junit-jupiter-engine-5.9.3.jar;C:\Users\VINYASN\.m2\repository\org\junit\platform\junit-platform-engine\1.9.3\junit-platform-engine-1.9.3.jar;C:\Users\VINYASN\.m2\repository\com\thoughtworks\xstream\xstream\1.4.20\xstream-1.4.20.jar;C:\Users\VINYASN\.m2\repository\io\github\x-stream\mxparser\1.2.2\mxparser-1.2.2.jar;C:\Users\VINYASN\.m2\repository\xmlpull\xmlpull\1.1.3.1\xmlpull-1.1.3.1.jar;C:\Users\VINYASN\.m2\repository\io\rest-assured\rest-assured\5.3.0\rest-assured-5.3.0.jar;C:\Users\VINYASN\.m2\repository\org\apache\groovy\groovy\4.0.6\groovy-4.0.6.jar;C:\Users\VINYASN\.m2\repository\org\apache\groovy\groovy-xml\4.0.6\groovy-xml-4.0.6.jar;C:\Users\VINYASN\.m2\repository\org\apache\httpcomponents\httpclient\4.5.14\httpclient-4.5.14.jar;C:\Users\VINYASN\.m2\repository\commons-codec\commons-codec\1.16.0\commons-codec-1.16.0.jar;C:\Users\VINYASN\.m2\repository\org\apache\httpcomponents\httpmime\4.5.14\httpmime-4.5.14.jar;C:\Users\VINYASN\.m2\repository\org\hamcrest\hamcrest\2.1\hamcrest-2.1.jar;C:\Users\VINYASN\.m2\repository\org\ccil\cowan\tagsoup\tagsoup\1.2.1\tagsoup-1.2.1.jar;C:\Users\VINYASN\.m2\repository\io\rest-assured\json-path\5.3.0\json-path-5.3.0.jar;C:\Users\VINYASN\.m2\repository\org\apache\groovy\groovy-json\4.0.6\groovy-json-4.0.6.jar;C:\Users\VINYASN\.m2\repository\io\rest-assured\rest-assured-common\5.3.0\rest-assured-common-5.3.0.jar;C:\Users\VINYASN\.m2\repository\io\rest-assured\xml-path\5.3.0\xml-path-5.3.0.jar;C:\Users\VINYASN\.m2\repository\org\apache\commons\commons-lang3\3.12.0\commons-lang3-3.12.0.jar;C:\Users\VINYASN\.m2\repository\io\quarkus\quarkus-smallrye-openapi\3.2.4.Final\quarkus-smallrye-openapi-3.2.4.Final.jar;C:\Users\VINYASN\.m2\repository\io\smallrye\smallrye-open-api-core\3.4.0\smallrye-open-api-core-3.4.0.jar;C:\Users\VINYASN\.m2\repository\org\eclipse\microprofile\openapi\microprofile-openapi-api\3.1.1\microprofile-openapi-api-3.1.1.jar;C:\Users\VINYASN\.m2\repository\org\eclipse\microprofile\config\microprofile-config-api\3.0.3\microprofile-config-api-3.0.3.jar;C:\Users\VINYASN\.m2\repository\com\fasterxml\jackson\dataformat\jackson-dataformat-yaml\2.15.2\jackson-dataformat-yaml-2.15.2.jar;C:\Users\VINYASN\.m2\repository\org\yaml\snakeyaml\2.0\snakeyaml-2.0.jar;C:\Users\VINYASN\.m2\repository\io\quarkus\quarkus-swagger-ui\3.2.4.Final\quarkus-swagger-ui-3.2.4.Final.jar;"/>
    <property name="java.vm.vendor" value="Oracle Corporation"/>
    <property name="sun.arch.data.model" value="64"/>
    <property name="user.variant" value=""/>
    <property name="java.vendor.url" value="https://java.oracle.com/"/>
    <property name="user.timezone" value="Asia/Calcutta"/>
    <property name="logging.initial-configurator.min-level" value="500"/>
    <property name="os.name" value="Windows 11"/>
    <property name="java.vm.specification.version" value="17"/>
    <property name="sun.java.launcher" value="SUN_STANDARD"/>
    <property name="user.country" value="IN"/>
    <property name="mp.openapi.extensions.smallrye.defaultProduces" value="application/json"/>
    <property name="sun.boot.library.path" value="C:\Program Files\Java\jdk-17\bin"/>
    <property name="sun.java.command" value="C:\Users\VINYASN\AppData\Local\Temp\surefire12027331708956300224\surefirebooter-20230823144949254_3.jar C:\Users\VINYASN\AppData\Local\Temp\surefire12027331708956300224 2023-08-23T14-49-47_844-jvmRun1 surefire-20230823144949254_1tmp surefire_0-20230823144949254_2tmp"/>
    <property name="jdk.debug" value="release"/>
    <property name="maven.home" value="C:\Program Files (x86)\apache-maven-3.9.4"/>
    <property name="surefire.test.class.path" value="C:\Users\VINYASN\QuarkusProjects\hibernate-orm-panachentity\hibernate-orm-panachentity\target\test-classes;C:\Users\VINYASN\QuarkusProjects\hibernate-orm-panachentity\hibernate-orm-panachentity\target\classes;C:\Users\VINYASN\.m2\repository\io\quarkus\quarkus-rest-client\3.2.4.Final\quarkus-rest-client-3.2.4.Final.jar;C:\Users\VINYASN\.m2\repository\io\quarkus\quarkus-core\3.2.4.Final\quarkus-core-3.2.4.Final.jar;C:\Users\VINYASN\.m2\repository\jakarta\annotation\jakarta.annotation-api\2.1.1\jakarta.annotation-api-2.1.1.jar;C:\Users\VINYASN\.m2\repository\jakarta\enterprise\jakarta.enterprise.cdi-api\4.0.1\jakarta.enterprise.cdi-api-4.0.1.jar;C:\Users\VINYASN\.m2\repository\jakarta\enterprise\jakarta.enterprise.lang-model\4.0.1\jakarta.enterprise.lang-model-4.0.1.jar;C:\Users\VINYASN\.m2\repository\jakarta\el\jakarta.el-api\5.0.1\jakarta.el-api-5.0.1.jar;C:\Users\VINYASN\.m2\repository\jakarta\inject\jakarta.inject-api\2.0.1\jakarta.inject-api-2.0.1.jar;C:\Users\VINYASN\.m2\repository\io\smallrye\common\smallrye-common-os\2.1.0\smallrye-common-os-2.1.0.jar;C:\Users\VINYASN\.m2\repository\io\quarkus\quarkus-ide-launcher\3.2.4.Final\quarkus-ide-launcher-3.2.4.Final.jar;C:\Users\VINYASN\.m2\repository\io\quarkus\quarkus-development-mode-spi\3.2.4.Final\quarkus-development-mode-spi-3.2.4.Final.jar;C:\Users\VINYASN\.m2\repository\io\smallrye\config\smallrye-config\3.3.2\smallrye-config-3.3.2.jar;C:\Users\VINYASN\.m2\repository\io\smallrye\config\smallrye-config-core\3.3.2\smallrye-config-core-3.3.2.jar;C:\Users\VINYASN\.m2\repository\io\smallrye\common\smallrye-common-expression\2.1.0\smallrye-common-expression-2.1.0.jar;C:\Users\VINYASN\.m2\repository\io\smallrye\common\smallrye-common-function\2.1.0\smallrye-common-function-2.1.0.jar;C:\Users\VINYASN\.m2\repository\io\smallrye\common\smallrye-common-classloader\2.1.0\smallrye-common-classloader-2.1.0.jar;C:\Users\VINYASN\.m2\repository\io\smallrye\config\smallrye-config-common\3.3.2\smallrye-config-common-3.3.2.jar;C:\Users\VINYASN\.m2\repository\org\jboss\logging\jboss-logging\3.5.1.Final\jboss-logging-3.5.1.Final.jar;C:\Users\VINYASN\.m2\repository\org\jboss\logmanager\jboss-logmanager-embedded\1.1.1\jboss-logmanager-embedded-1.1.1.jar;C:\Users\VINYASN\.m2\repository\org\jboss\logging\jboss-logging-annotations\2.2.1.Final\jboss-logging-annotations-2.2.1.Final.jar;C:\Users\VINYASN\.m2\repository\org\jboss\threads\jboss-threads\3.5.0.Final\jboss-threads-3.5.0.Final.jar;C:\Users\VINYASN\.m2\repository\org\slf4j\slf4j-api\2.0.6\slf4j-api-2.0.6.jar;C:\Users\VINYASN\.m2\repository\org\jboss\slf4j\slf4j-jboss-logmanager\2.0.0.Final\slf4j-jboss-logmanager-2.0.0.Final.jar;C:\Users\VINYASN\.m2\repository\org\graalvm\sdk\graal-sdk\23.0.1\graal-sdk-23.0.1.jar;C:\Users\VINYASN\.m2\repository\org\wildfly\common\wildfly-common\1.5.4.Final-format-001\wildfly-common-1.5.4.Final-format-001.jar;C:\Users\VINYASN\.m2\repository\io\quarkus\quarkus-bootstrap-runner\3.2.4.Final\quarkus-bootstrap-runner-3.2.4.Final.jar;C:\Users\VINYASN\.m2\repository\io\quarkus\quarkus-fs-util\0.0.9\quarkus-fs-util-0.0.9.jar;C:\Users\VINYASN\.m2\repository\io\quarkus\quarkus-resteasy-common\3.2.4.Final\quarkus-resteasy-common-3.2.4.Final.jar;C:\Users\VINYASN\.m2\repository\org\jboss\resteasy\resteasy-core\6.2.4.Final\resteasy-core-6.2.4.Final.jar;C:\Users\VINYASN\.m2\repository\org\jboss\resteasy\resteasy-core-spi\6.2.4.Final\resteasy-core-spi-6.2.4.Final.jar;C:\Users\VINYASN\.m2\repository\org\reactivestreams\reactive-streams\1.0.4\reactive-streams-1.0.4.jar;C:\Users\VINYASN\.m2\repository\com\ibm\async\asyncutil\0.1.0\asyncutil-0.1.0.jar;C:\Users\VINYASN\.m2\repository\org\eclipse\angus\angus-activation\2.0.1\angus-activation-2.0.1.jar;C:\Users\VINYASN\.m2\repository\org\jboss\resteasy\resteasy-cdi\6.2.4.Final\resteasy-cdi-6.2.4.Final.jar;C:\Users\VINYASN\.m2\repository\org\jboss\weld\weld-api\5.0.SP2\weld-api-5.0.SP2.jar;C:\Users\VINYASN\.m2\repository\org\jboss\resteasy\microprofile\microprofile-config\2.1.1.Final\microprofile-config-2.1.1.Final.jar;C:\Users\VINYASN\.m2\repository\jakarta\servlet\jakarta.servlet-api\6.0.0\jakarta.servlet-api-6.0.0.jar;C:\Users\VINYASN\.m2\repository\io\quarkus\quarkus-apache-httpclient\3.2.4.Final\quarkus-apache-httpclient-3.2.4.Final.jar;C:\Users\VINYASN\.m2\repository\io\quarkus\quarkus-rest-client-config\3.2.4.Final\quarkus-rest-client-config-3.2.4.Final.jar;C:\Users\VINYASN\.m2\repository\org\eclipse\microprofile\rest\client\microprofile-rest-client-api\3.0.1\microprofile-rest-client-api-3.0.1.jar;C:\Users\VINYASN\.m2\repository\io\smallrye\jandex\3.1.2\jandex-3.1.2.jar;C:\Users\VINYASN\.m2\repository\org\jboss\resteasy\microprofile\microprofile-rest-client\2.1.1.Final\microprofile-rest-client-2.1.1.Final.jar;C:\Users\VINYASN\.m2\repository\org\jboss\resteasy\microprofile\microprofile-rest-client-base\2.1.1.Final\microprofile-rest-client-base-2.1.1.Final.jar;C:\Users\VINYASN\.m2\repository\org\jboss\resteasy\resteasy-client\6.2.4.Final\resteasy-client-6.2.4.Final.jar;C:\Users\VINYASN\.m2\repository\org\jboss\resteasy\resteasy-client-api\6.2.4.Final\resteasy-client-api-6.2.4.Final.jar;C:\Users\VINYASN\.m2\repository\jakarta\interceptor\jakarta.interceptor-api\2.1.0\jakarta.interceptor-api-2.1.0.jar;C:\Users\VINYASN\.m2\repository\jakarta\ws\rs\jakarta.ws.rs-api\3.1.0\jakarta.ws.rs-api-3.1.0.jar;C:\Users\VINYASN\.m2\repository\org\apache\httpcomponents\httpasyncclient\4.1.5\httpasyncclient-4.1.5.jar;C:\Users\VINYASN\.m2\repository\org\apache\httpcomponents\httpcore\4.4.16\httpcore-4.4.16.jar;C:\Users\VINYASN\.m2\repository\org\apache\httpcomponents\httpcore-nio\4.4.16\httpcore-nio-4.4.16.jar;C:\Users\VINYASN\.m2\repository\org\jboss\logging\commons-logging-jboss-logging\1.0.0.Final\commons-logging-jboss-logging-1.0.0.Final.jar;C:\Users\VINYASN\.m2\repository\io\quarkus\quarkus-hibernate-orm-panache\3.2.4.Final\quarkus-hibernate-orm-panache-3.2.4.Final.jar;C:\Users\VINYASN\.m2\repository\io\quarkus\quarkus-hibernate-orm-panache-common\3.2.4.Final\quarkus-hibernate-orm-panache-common-3.2.4.Final.jar;C:\Users\VINYASN\.m2\repository\io\quarkus\quarkus-panache-hibernate-common\3.2.4.Final\quarkus-panache-hibernate-common-3.2.4.Final.jar;C:\Users\VINYASN\.m2\repository\io\quarkus\quarkus-panache-common\3.2.4.Final\quarkus-panache-common-3.2.4.Final.jar;C:\Users\VINYASN\.m2\repository\io\quarkus\quarkus-resteasy\3.2.4.Final\quarkus-resteasy-3.2.4.Final.jar;C:\Users\VINYASN\.m2\repository\io\quarkus\quarkus-vertx-http\3.2.4.Final\quarkus-vertx-http-3.2.4.Final.jar;C:\Users\VINYASN\.m2\repository\io\quarkus\quarkus-security-runtime-spi\3.2.4.Final\quarkus-security-runtime-spi-3.2.4.Final.jar;C:\Users\VINYASN\.m2\repository\io\quarkus\quarkus-credentials\3.2.4.Final\quarkus-credentials-3.2.4.Final.jar;C:\Users\VINYASN\.m2\repository\io\quarkus\quarkus-mutiny\3.2.4.Final\quarkus-mutiny-3.2.4.Final.jar;C:\Users\VINYASN\.m2\repository\io\quarkus\quarkus-smallrye-context-propagation\3.2.4.Final\quarkus-smallrye-context-propagation-3.2.4.Final.jar;C:\Users\VINYASN\.m2\repository\io\smallrye\smallrye-context-propagation\2.1.0\smallrye-context-propagation-2.1.0.jar;C:\Users\VINYASN\.m2\repository\io\smallrye\smallrye-context-propagation-api\2.1.0\smallrye-context-propagation-api-2.1.0.jar;C:\Users\VINYASN\.m2\repository\io\smallrye\smallrye-context-propagation-storage\2.1.0\smallrye-context-propagation-storage-2.1.0.jar;C:\Users\VINYASN\.m2\repository\io\smallrye\reactive\mutiny-smallrye-context-propagation\2.3.1\mutiny-smallrye-context-propagation-2.3.1.jar;C:\Users\VINYASN\.m2\repository\io\smallrye\common\smallrye-common-vertx-context\2.1.0\smallrye-common-vertx-context-2.1.0.jar;C:\Users\VINYASN\.m2\repository\io\vertx\vertx-core\4.4.4\vertx-core-4.4.4.jar;C:\Users\VINYASN\.m2\repository\io\netty\netty-common\4.1.94.Final\netty-common-4.1.94.Final.jar;C:\Users\VINYASN\.m2\repository\io\netty\netty-buffer\4.1.94.Final\netty-buffer-4.1.94.Final.jar;C:\Users\VINYASN\.m2\repository\io\netty\netty-transport\4.1.94.Final\netty-transport-4.1.94.Final.jar;C:\Users\VINYASN\.m2\repository\io\netty\netty-handler\4.1.94.Final\netty-handler-4.1.94.Final.jar;C:\Users\VINYASN\.m2\repository\io\netty\netty-transport-native-unix-common\4.1.94.Final\netty-transport-native-unix-common-4.1.94.Final.jar;C:\Users\VINYASN\.m2\repository\io\netty\netty-handler-proxy\4.1.94.Final\netty-handler-proxy-4.1.94.Final.jar;C:\Users\VINYASN\.m2\repository\io\netty\netty-codec-socks\4.1.94.Final\netty-codec-socks-4.1.94.Final.jar;C:\Users\VINYASN\.m2\repository\io\netty\netty-codec-http\4.1.94.Final\netty-codec-http-4.1.94.Final.jar;C:\Users\VINYASN\.m2\repository\io\netty\netty-codec-http2\4.1.94.Final\netty-codec-http2-4.1.94.Final.jar;C:\Users\VINYASN\.m2\repository\io\netty\netty-resolver\4.1.94.Final\netty-resolver-4.1.94.Final.jar;C:\Users\VINYASN\.m2\repository\io\netty\netty-resolver-dns\4.1.94.Final\netty-resolver-dns-4.1.94.Final.jar;C:\Users\VINYASN\.m2\repository\io\netty\netty-codec-dns\4.1.94.Final\netty-codec-dns-4.1.94.Final.jar;C:\Users\VINYASN\.m2\repository\io\smallrye\common\smallrye-common-constraint\2.1.0\smallrye-common-constraint-2.1.0.jar;C:\Users\VINYASN\.m2\repository\io\quarkus\quarkus-vertx-http-dev-console-runtime-spi\3.2.4.Final\quarkus-vertx-http-dev-console-runtime-spi-3.2.4.Final.jar;C:\Users\VINYASN\.m2\repository\io\quarkus\security\quarkus-security\2.0.2.Final\quarkus-security-2.0.2.Final.jar;C:\Users\VINYASN\.m2\repository\io\quarkus\quarkus-vertx\3.2.4.Final\quarkus-vertx-3.2.4.Final.jar;C:\Users\VINYASN\.m2\repository\io\quarkus\quarkus-netty\3.2.4.Final\quarkus-netty-3.2.4.Final.jar;C:\Users\VINYASN\.m2\repository\io\netty\netty-codec\4.1.94.Final\netty-codec-4.1.94.Final.jar;C:\Users\VINYASN\.m2\repository\com\aayushatharva\brotli4j\brotli4j\1.12.0\brotli4j-1.12.0.jar;C:\Users\VINYASN\.m2\repository\com\aayushatharva\brotli4j\service\1.12.0\service-1.12.0.jar;C:\Users\VINYASN\.m2\repository\com\aayushatharva\brotli4j\native-windows-x86_64\1.12.0\native-windows-x86_64-1.12.0.jar;C:\Users\VINYASN\.m2\repository\io\netty\netty-codec-haproxy\4.1.94.Final\netty-codec-haproxy-4.1.94.Final.jar;C:\Users\VINYASN\.m2\repository\io\smallrye\common\smallrye-common-annotation\2.1.0\smallrye-common-annotation-2.1.0.jar;C:\Users\VINYASN\.m2\repository\io\quarkus\quarkus-vertx-latebound-mdc-provider\3.2.4.Final\quarkus-vertx-latebound-mdc-provider-3.2.4.Final.jar;C:\Users\VINYASN\.m2\repository\io\smallrye\reactive\smallrye-mutiny-vertx-core\3.5.0\smallrye-mutiny-vertx-core-3.5.0.jar;C:\Users\VINYASN\.m2\repository\io\smallrye\reactive\smallrye-mutiny-vertx-runtime\3.5.0\smallrye-mutiny-vertx-runtime-3.5.0.jar;C:\Users\VINYASN\.m2\repository\io\smallrye\reactive\vertx-mutiny-generator\3.5.0\vertx-mutiny-generator-3.5.0.jar;C:\Users\VINYASN\.m2\repository\io\vertx\vertx-codegen\4.4.4\vertx-codegen-4.4.4.jar;C:\Users\VINYASN\.m2\repository\io\smallrye\smallrye-fault-tolerance-vertx\6.2.6\smallrye-fault-tolerance-vertx-6.2.6.jar;C:\Users\VINYASN\.m2\repository\io\smallrye\reactive\smallrye-mutiny-vertx-web\3.5.0\smallrye-mutiny-vertx-web-3.5.0.jar;C:\Users\VINYASN\.m2\repository\io\smallrye\reactive\smallrye-mutiny-vertx-web-common\3.5.0\smallrye-mutiny-vertx-web-common-3.5.0.jar;C:\Users\VINYASN\.m2\repository\io\smallrye\reactive\smallrye-mutiny-vertx-auth-common\3.5.0\smallrye-mutiny-vertx-auth-common-3.5.0.jar;C:\Users\VINYASN\.m2\repository\io\smallrye\reactive\smallrye-mutiny-vertx-bridge-common\3.5.0\smallrye-mutiny-vertx-bridge-common-3.5.0.jar;C:\Users\VINYASN\.m2\repository\io\smallrye\reactive\smallrye-mutiny-vertx-uri-template\3.5.0\smallrye-mutiny-vertx-uri-template-3.5.0.jar;C:\Users\VINYASN\.m2\repository\io\vertx\vertx-uri-template\4.4.4\vertx-uri-template-4.4.4.jar;C:\Users\VINYASN\.m2\repository\io\vertx\vertx-web\4.4.4\vertx-web-4.4.4.jar;C:\Users\VINYASN\.m2\repository\io\vertx\vertx-web-common\4.4.4\vertx-web-common-4.4.4.jar;C:\Users\VINYASN\.m2\repository\io\vertx\vertx-auth-common\4.4.4\vertx-auth-common-4.4.4.jar;C:\Users\VINYASN\.m2\repository\io\vertx\vertx-bridge-common\4.4.4\vertx-bridge-common-4.4.4.jar;C:\Users\VINYASN\.m2\repository\io\github\crac\org-crac\0.1.3\org-crac-0.1.3.jar;C:\Users\VINYASN\.m2\repository\io\quarkus\quarkus-resteasy-server-common\3.2.4.Final\quarkus-resteasy-server-common-3.2.4.Final.jar;C:\Users\VINYASN\.m2\repository\jakarta\validation\jakarta.validation-api\3.0.2\jakarta.validation-api-3.0.2.jar;C:\Users\VINYASN\.m2\repository\io\quarkus\quarkus-resteasy-jackson\3.2.4.Final\quarkus-resteasy-jackson-3.2.4.Final.jar;C:\Users\VINYASN\.m2\repository\io\quarkus\quarkus-jackson\3.2.4.Final\quarkus-jackson-3.2.4.Final.jar;C:\Users\VINYASN\.m2\repository\com\fasterxml\jackson\core\jackson-databind\2.15.2\jackson-databind-2.15.2.jar;C:\Users\VINYASN\.m2\repository\com\fasterxml\jackson\datatype\jackson-datatype-jsr310\2.15.2\jackson-datatype-jsr310-2.15.2.jar;C:\Users\VINYASN\.m2\repository\com\fasterxml\jackson\datatype\jackson-datatype-jdk8\2.15.2\jackson-datatype-jdk8-2.15.2.jar;C:\Users\VINYASN\.m2\repository\com\fasterxml\jackson\module\jackson-module-parameter-names\2.15.2\jackson-module-parameter-names-2.15.2.jar;C:\Users\VINYASN\.m2\repository\org\jboss\resteasy\resteasy-jackson2-provider\6.2.4.Final\resteasy-jackson2-provider-6.2.4.Final.jar;C:\Users\VINYASN\.m2\repository\com\fasterxml\jackson\core\jackson-core\2.15.2\jackson-core-2.15.2.jar;C:\Users\VINYASN\.m2\repository\com\fasterxml\jackson\core\jackson-annotations\2.15.2\jackson-annotations-2.15.2.jar;C:\Users\VINYASN\.m2\repository\com\fasterxml\jackson\jakarta\rs\jackson-jakarta-rs-base\2.15.2\jackson-jakarta-rs-base-2.15.2.jar;C:\Users\VINYASN\.m2\repository\com\fasterxml\jackson\jakarta\rs\jackson-jakarta-rs-json-provider\2.15.2\jackson-jakarta-rs-json-provider-2.15.2.jar;C:\Users\VINYASN\.m2\repository\com\fasterxml\jackson\module\jackson-module-jakarta-xmlbind-annotations\2.15.2\jackson-module-jakarta-xmlbind-annotations-2.15.2.jar;C:\Users\VINYASN\.m2\repository\com\github\java-json-tools\json-patch\1.13\json-patch-1.13.jar;C:\Users\VINYASN\.m2\repository\com\github\java-json-tools\msg-simple\1.2\msg-simple-1.2.jar;C:\Users\VINYASN\.m2\repository\com\github\java-json-tools\btf\1.3\btf-1.3.jar;C:\Users\VINYASN\.m2\repository\com\github\java-json-tools\jackson-coreutils\2.0\jackson-coreutils-2.0.jar;C:\Users\VINYASN\.m2\repository\jakarta\xml\bind\jakarta.xml.bind-api\4.0.0\jakarta.xml.bind-api-4.0.0.jar;C:\Users\VINYASN\.m2\repository\jakarta\activation\jakarta.activation-api\2.1.2\jakarta.activation-api-2.1.2.jar;C:\Users\VINYASN\.m2\repository\io\quarkus\quarkus-jdbc-postgresql\3.2.4.Final\quarkus-jdbc-postgresql-3.2.4.Final.jar;C:\Users\VINYASN\.m2\repository\org\postgresql\postgresql\42.6.0\postgresql-42.6.0.jar;C:\Users\VINYASN\.m2\repository\io\quarkus\quarkus-arc\3.2.4.Final\quarkus-arc-3.2.4.Final.jar;C:\Users\VINYASN\.m2\repository\io\quarkus\arc\arc\3.2.4.Final\arc-3.2.4.Final.jar;C:\Users\VINYASN\.m2\repository\io\smallrye\reactive\mutiny\2.3.1\mutiny-2.3.1.jar;C:\Users\VINYASN\.m2\repository\org\eclipse\microprofile\context-propagation\microprofile-context-propagation-api\1.3\microprofile-context-propagation-api-1.3.jar;C:\Users\VINYASN\.m2\repository\io\quarkus\quarkus-hibernate-orm\3.2.4.Final\quarkus-hibernate-orm-3.2.4.Final.jar;C:\Users\VINYASN\.m2\repository\io\quarkus\quarkus-agroal\3.2.4.Final\quarkus-agroal-3.2.4.Final.jar;C:\Users\VINYASN\.m2\repository\io\quarkus\quarkus-datasource\3.2.4.Final\quarkus-datasource-3.2.4.Final.jar;C:\Users\VINYASN\.m2\repository\io\agroal\agroal-api\2.1\agroal-api-2.1.jar;C:\Users\VINYASN\.m2\repository\io\agroal\agroal-narayana\2.1\agroal-narayana-2.1.jar;C:\Users\VINYASN\.m2\repository\org\jboss\jboss-transaction-spi\8.0.0.Final\jboss-transaction-spi-8.0.0.Final.jar;C:\Users\VINYASN\.m2\repository\io\agroal\agroal-pool\2.1\agroal-pool-2.1.jar;C:\Users\VINYASN\.m2\repository\io\quarkus\quarkus-narayana-jta\3.2.4.Final\quarkus-narayana-jta-3.2.4.Final.jar;C:\Users\VINYASN\.m2\repository\io\quarkus\quarkus-transaction-annotations\3.2.4.Final\quarkus-transaction-annotations-3.2.4.Final.jar;C:\Users\VINYASN\.m2\repository\io\quarkus\quarkus-datasource-common\3.2.4.Final\quarkus-datasource-common-3.2.4.Final.jar;C:\Users\VINYASN\.m2\repository\io\smallrye\smallrye-context-propagation-jta\2.1.0\smallrye-context-propagation-jta-2.1.0.jar;C:\Users\VINYASN\.m2\repository\io\smallrye\reactive\smallrye-reactive-converter-api\3.0.0\smallrye-reactive-converter-api-3.0.0.jar;C:\Users\VINYASN\.m2\repository\io\smallrye\reactive\smallrye-reactive-converter-mutiny\3.0.0\smallrye-reactive-converter-mutiny-3.0.0.jar;C:\Users\VINYASN\.m2\repository\io\smallrye\reactive\mutiny-zero-flow-adapters\1.0.0\mutiny-zero-flow-adapters-1.0.0.jar;C:\Users\VINYASN\.m2\repository\org\jboss\narayana\jta\narayana-jta\6.0.1.Final\narayana-jta-6.0.1.Final.jar;C:\Users\VINYASN\.m2\repository\jakarta\resource\jakarta.resource-api\2.0.0\jakarta.resource-api-2.0.0.jar;C:\Users\VINYASN\.m2\repository\org\jboss\invocation\jboss-invocation\2.0.0.Final\jboss-invocation-2.0.0.Final.jar;C:\Users\VINYASN\.m2\repository\jakarta\ejb\jakarta.ejb-api\4.0.1\jakarta.ejb-api-4.0.1.jar;C:\Users\VINYASN\.m2\repository\org\eclipse\microprofile\reactive-streams-operators\microprofile-reactive-streams-operators-api\3.0\microprofile-reactive-streams-operators-api-3.0.jar;C:\Users\VINYASN\.m2\repository\org\jboss\narayana\jts\narayana-jts-integration\6.0.1.Final\narayana-jts-integration-6.0.1.Final.jar;C:\Users\VINYASN\.m2\repository\org\hibernate\orm\hibernate-core\6.2.7.Final\hibernate-core-6.2.7.Final.jar;C:\Users\VINYASN\.m2\repository\com\fasterxml\classmate\1.5.1\classmate-1.5.1.jar;C:\Users\VINYASN\.m2\repository\org\antlr\antlr4-runtime\4.10.1\antlr4-runtime-4.10.1.jar;C:\Users\VINYASN\.m2\repository\net\bytebuddy\byte-buddy\1.12.18\byte-buddy-1.12.18.jar;C:\Users\VINYASN\.m2\repository\org\hibernate\common\hibernate-commons-annotations\6.0.6.Final\hibernate-commons-annotations-6.0.6.Final.jar;C:\Users\VINYASN\.m2\repository\org\hibernate\orm\hibernate-graalvm\6.2.7.Final\hibernate-graalvm-6.2.7.Final.jar;C:\Users\VINYASN\.m2\repository\org\glassfish\jaxb\jaxb-runtime\4.0.3\jaxb-runtime-4.0.3.jar;C:\Users\VINYASN\.m2\repository\org\glassfish\jaxb\jaxb-core\4.0.3\jaxb-core-4.0.3.jar;C:\Users\VINYASN\.m2\repository\org\glassfish\jaxb\txw2\4.0.3\txw2-4.0.3.jar;C:\Users\VINYASN\.m2\repository\com\sun\istack\istack-commons-runtime\4.1.2\istack-commons-runtime-4.1.2.jar;C:\Users\VINYASN\.m2\repository\jakarta\persistence\jakarta.persistence-api\3.1.0\jakarta.persistence-api-3.1.0.jar;C:\Users\VINYASN\.m2\repository\jakarta\transaction\jakarta.transaction-api\2.0.1\jakarta.transaction-api-2.0.1.jar;C:\Users\VINYASN\.m2\repository\org\hibernate\quarkus-local-cache\0.2.1\quarkus-local-cache-0.2.1.jar;C:\Users\VINYASN\.m2\repository\io\quarkus\quarkus-caffeine\3.2.4.Final\quarkus-caffeine-3.2.4.Final.jar;C:\Users\VINYASN\.m2\repository\com\github\ben-manes\caffeine\caffeine\3.1.5\caffeine-3.1.5.jar;C:\Users\VINYASN\.m2\repository\com\google\errorprone\error_prone_annotations\2.19.1\error_prone_annotations-2.19.1.jar;C:\Users\VINYASN\.m2\repository\io\quarkus\quarkus-rest-client-jackson\3.2.4.Final\quarkus-rest-client-jackson-3.2.4.Final.jar;C:\Users\VINYASN\.m2\repository\io\quarkus\quarkus-junit5\3.2.4.Final\quarkus-junit5-3.2.4.Final.jar;C:\Users\VINYASN\.m2\repository\io\quarkus\quarkus-bootstrap-core\3.2.4.Final\quarkus-bootstrap-core-3.2.4.Final.jar;C:\Users\VINYASN\.m2\repository\io\quarkus\quarkus-bootstrap-app-model\3.2.4.Final\quarkus-bootstrap-app-model-3.2.4.Final.jar;C:\Users\VINYASN\.m2\repository\io\smallrye\common\smallrye-common-io\2.1.0\smallrye-common-io-2.1.0.jar;C:\Users\VINYASN\.m2\repository\org\eclipse\sisu\org.eclipse.sisu.inject\0.3.5\org.eclipse.sisu.inject-0.3.5.jar;C:\Users\VINYASN\.m2\repository\io\quarkus\quarkus-test-common\3.2.4.Final\quarkus-test-common-3.2.4.Final.jar;C:\Users\VINYASN\.m2\repository\io\quarkus\quarkus-core-deployment\3.2.4.Final\quarkus-core-deployment-3.2.4.Final.jar;C:\Users\VINYASN\.m2\repository\org\aesh\readline\2.4\readline-2.4.jar;C:\Users\VINYASN\.m2\repository\org\fusesource\jansi\jansi\2.4.0\jansi-2.4.0.jar;C:\Users\VINYASN\.m2\repository\org\aesh\aesh\2.7\aesh-2.7.jar;C:\Users\VINYASN\.m2\repository\io\quarkus\gizmo\gizmo\1.6.1.Final\gizmo-1.6.1.Final.jar;C:\Users\VINYASN\.m2\repository\org\ow2\asm\asm-util\9.5\asm-util-9.5.jar;C:\Users\VINYASN\.m2\repository\org\ow2\asm\asm-analysis\9.5\asm-analysis-9.5.jar;C:\Users\VINYASN\.m2\repository\org\ow2\asm\asm\9.5\asm-9.5.jar;C:\Users\VINYASN\.m2\repository\org\ow2\asm\asm-commons\9.5\asm-commons-9.5.jar;C:\Users\VINYASN\.m2\repository\org\ow2\asm\asm-tree\9.5\asm-tree-9.5.jar;C:\Users\VINYASN\.m2\repository\io\quarkus\quarkus-class-change-agent\3.2.4.Final\quarkus-class-change-agent-3.2.4.Final.jar;C:\Users\VINYASN\.m2\repository\io\quarkus\quarkus-devtools-utilities\3.2.4.Final\quarkus-devtools-utilities-3.2.4.Final.jar;C:\Users\VINYASN\.m2\repository\io\quarkus\quarkus-builder\3.2.4.Final\quarkus-builder-3.2.4.Final.jar;C:\Users\VINYASN\.m2\repository\org\junit\platform\junit-platform-launcher\1.9.3\junit-platform-launcher-1.9.3.jar;C:\Users\VINYASN\.m2\repository\io\quarkus\quarkus-bootstrap-maven-resolver\3.2.4.Final\quarkus-bootstrap-maven-resolver-3.2.4.Final.jar;C:\Users\VINYASN\.m2\repository\io\smallrye\beanbag\smallrye-beanbag-maven\1.3.2\smallrye-beanbag-maven-1.3.2.jar;C:\Users\VINYASN\.m2\repository\io\smallrye\beanbag\smallrye-beanbag-sisu\1.3.2\smallrye-beanbag-sisu-1.3.2.jar;C:\Users\VINYASN\.m2\repository\io\smallrye\beanbag\smallrye-beanbag\1.3.2\smallrye-beanbag-1.3.2.jar;C:\Users\VINYASN\.m2\repository\javax\inject\javax.inject\1\javax.inject-1.jar;C:\Users\VINYASN\.m2\repository\org\apache\maven\maven-artifact\3.9.3\maven-artifact-3.9.3.jar;C:\Users\VINYASN\.m2\repository\org\apache\maven\maven-builder-support\3.9.3\maven-builder-support-3.9.3.jar;C:\Users\VINYASN\.m2\repository\org\apache\maven\maven-model\3.9.3\maven-model-3.9.3.jar;C:\Users\VINYASN\.m2\repository\org\apache\maven\maven-model-builder\3.9.3\maven-model-builder-3.9.3.jar;C:\Users\VINYASN\.m2\repository\org\apache\maven\maven-repository-metadata\3.9.3\maven-repository-metadata-3.9.3.jar;C:\Users\VINYASN\.m2\repository\org\apache\maven\maven-settings\3.9.3\maven-settings-3.9.3.jar;C:\Users\VINYASN\.m2\repository\org\apache\maven\resolver\maven-resolver-api\1.9.13\maven-resolver-api-1.9.13.jar;C:\Users\VINYASN\.m2\repository\org\apache\maven\resolver\maven-resolver-impl\1.9.13\maven-resolver-impl-1.9.13.jar;C:\Users\VINYASN\.m2\repository\org\apache\maven\resolver\maven-resolver-named-locks\1.9.13\maven-resolver-named-locks-1.9.13.jar;C:\Users\VINYASN\.m2\repository\org\apache\maven\resolver\maven-resolver-spi\1.9.13\maven-resolver-spi-1.9.13.jar;C:\Users\VINYASN\.m2\repository\org\apache\maven\resolver\maven-resolver-util\1.9.13\maven-resolver-util-1.9.13.jar;C:\Users\VINYASN\.m2\repository\org\apache\maven\resolver\maven-resolver-transport-http\1.9.10\maven-resolver-transport-http-1.9.10.jar;C:\Users\VINYASN\.m2\repository\org\apache\maven\wagon\wagon-provider-api\3.5.3\wagon-provider-api-3.5.3.jar;C:\Users\VINYASN\.m2\repository\org\apache\maven\wagon\wagon-http-shared\3.5.3\wagon-http-shared-3.5.3.jar;C:\Users\VINYASN\.m2\repository\org\codehaus\plexus\plexus-interpolation\1.26\plexus-interpolation-1.26.jar;C:\Users\VINYASN\.m2\repository\org\codehaus\plexus\plexus-utils\3.5.1\plexus-utils-3.5.1.jar;C:\Users\VINYASN\.m2\repository\org\codehaus\plexus\plexus-xml\4.0.0\plexus-xml-4.0.0.jar;C:\Users\VINYASN\.m2\repository\org\apache\maven\maven-xml-impl\4.0.0-alpha-5\maven-xml-impl-4.0.0-alpha-5.jar;C:\Users\VINYASN\.m2\repository\org\apache\maven\maven-api-xml\4.0.0-alpha-5\maven-api-xml-4.0.0-alpha-5.jar;C:\Users\VINYASN\.m2\repository\org\apache\maven\maven-api-meta\4.0.0-alpha-5\maven-api-meta-4.0.0-alpha-5.jar;C:\Users\VINYASN\.m2\repository\org\codehaus\plexus\plexus-cipher\2.0\plexus-cipher-2.0.jar;C:\Users\VINYASN\.m2\repository\org\codehaus\plexus\plexus-sec-dispatcher\2.0\plexus-sec-dispatcher-2.0.jar;C:\Users\VINYASN\.m2\repository\org\apache\maven\maven-embedder\3.9.3\maven-embedder-3.9.3.jar;C:\Users\VINYASN\.m2\repository\org\apache\maven\maven-core\3.9.3\maven-core-3.9.3.jar;C:\Users\VINYASN\.m2\repository\org\codehaus\plexus\plexus-component-annotations\2.1.0\plexus-component-annotations-2.1.0.jar;C:\Users\VINYASN\.m2\repository\org\apache\maven\maven-plugin-api\3.9.3\maven-plugin-api-3.9.3.jar;C:\Users\VINYASN\.m2\repository\org\apache\maven\shared\maven-shared-utils\3.3.4\maven-shared-utils-3.3.4.jar;C:\Users\VINYASN\.m2\repository\com\google\inject\guice\5.1.0\guice-5.1.0.jar;C:\Users\VINYASN\.m2\repository\aopalliance\aopalliance\1.0\aopalliance-1.0.jar;C:\Users\VINYASN\.m2\repository\com\google\guava\guava\32.0.0-jre\guava-32.0.0-jre.jar;C:\Users\VINYASN\.m2\repository\com\google\guava\failureaccess\1.0.1\failureaccess-1.0.1.jar;C:\Users\VINYASN\.m2\repository\javax\annotation\javax.annotation-api\1.3.2\javax.annotation-api-1.3.2.jar;C:\Users\VINYASN\.m2\repository\org\codehaus\plexus\plexus-classworlds\2.6.0\plexus-classworlds-2.6.0.jar;C:\Users\VINYASN\.m2\repository\commons-cli\commons-cli\1.5.0\commons-cli-1.5.0.jar;C:\Users\VINYASN\.m2\repository\org\eclipse\sisu\org.eclipse.sisu.plexus\0.3.5\org.eclipse.sisu.plexus-0.3.5.jar;C:\Users\VINYASN\.m2\repository\org\apache\maven\maven-settings-builder\3.9.3\maven-settings-builder-3.9.3.jar;C:\Users\VINYASN\.m2\repository\org\apache\maven\maven-resolver-provider\3.9.3\maven-resolver-provider-3.9.3.jar;C:\Users\VINYASN\.m2\repository\org\apache\maven\resolver\maven-resolver-connector-basic\1.9.13\maven-resolver-connector-basic-1.9.13.jar;C:\Users\VINYASN\.m2\repository\org\apache\maven\resolver\maven-resolver-transport-wagon\1.9.13\maven-resolver-transport-wagon-1.9.13.jar;C:\Users\VINYASN\.m2\repository\org\apache\maven\wagon\wagon-http\3.5.3\wagon-http-3.5.3.jar;C:\Users\VINYASN\.m2\repository\org\apache\maven\wagon\wagon-file\3.5.3\wagon-file-3.5.3.jar;C:\Users\VINYASN\.m2\repository\io\quarkus\quarkus-bootstrap-gradle-resolver\3.2.4.Final\quarkus-bootstrap-gradle-resolver-3.2.4.Final.jar;C:\Users\VINYASN\.m2\repository\commons-io\commons-io\2.13.0\commons-io-2.13.0.jar;C:\Users\VINYASN\.m2\repository\io\quarkus\quarkus-junit5-properties\3.2.4.Final\quarkus-junit5-properties-3.2.4.Final.jar;C:\Users\VINYASN\.m2\repository\org\junit\jupiter\junit-jupiter\5.9.3\junit-jupiter-5.9.3.jar;C:\Users\VINYASN\.m2\repository\org\junit\jupiter\junit-jupiter-api\5.9.3\junit-jupiter-api-5.9.3.jar;C:\Users\VINYASN\.m2\repository\org\opentest4j\opentest4j\1.2.0\opentest4j-1.2.0.jar;C:\Users\VINYASN\.m2\repository\org\junit\platform\junit-platform-commons\1.9.3\junit-platform-commons-1.9.3.jar;C:\Users\VINYASN\.m2\repository\org\apiguardian\apiguardian-api\1.1.2\apiguardian-api-1.1.2.jar;C:\Users\VINYASN\.m2\repository\org\junit\jupiter\junit-jupiter-params\5.9.3\junit-jupiter-params-5.9.3.jar;C:\Users\VINYASN\.m2\repository\org\junit\jupiter\junit-jupiter-engine\5.9.3\junit-jupiter-engine-5.9.3.jar;C:\Users\VINYASN\.m2\repository\org\junit\platform\junit-platform-engine\1.9.3\junit-platform-engine-1.9.3.jar;C:\Users\VINYASN\.m2\repository\com\thoughtworks\xstream\xstream\1.4.20\xstream-1.4.20.jar;C:\Users\VINYASN\.m2\repository\io\github\x-stream\mxparser\1.2.2\mxparser-1.2.2.jar;C:\Users\VINYASN\.m2\repository\xmlpull\xmlpull\1.1.3.1\xmlpull-1.1.3.1.jar;C:\Users\VINYASN\.m2\repository\io\rest-assured\rest-assured\5.3.0\rest-assured-5.3.0.jar;C:\Users\VINYASN\.m2\repository\org\apache\groovy\groovy\4.0.6\groovy-4.0.6.jar;C:\Users\VINYASN\.m2\repository\org\apache\groovy\groovy-xml\4.0.6\groovy-xml-4.0.6.jar;C:\Users\VINYASN\.m2\repository\org\apache\httpcomponents\httpclient\4.5.14\httpclient-4.5.14.jar;C:\Users\VINYASN\.m2\repository\commons-codec\commons-codec\1.16.0\commons-codec-1.16.0.jar;C:\Users\VINYASN\.m2\repository\org\apache\httpcomponents\httpmime\4.5.14\httpmime-4.5.14.jar;C:\Users\VINYASN\.m2\repository\org\hamcrest\hamcrest\2.1\hamcrest-2.1.jar;C:\Users\VINYASN\.m2\repository\org\ccil\cowan\tagsoup\tagsoup\1.2.1\tagsoup-1.2.1.jar;C:\Users\VINYASN\.m2\repository\io\rest-assured\json-path\5.3.0\json-path-5.3.0.jar;C:\Users\VINYASN\.m2\repository\org\apache\groovy\groovy-json\4.0.6\groovy-json-4.0.6.jar;C:\Users\VINYASN\.m2\repository\io\rest-assured\rest-assured-common\5.3.0\rest-assured-common-5.3.0.jar;C:\Users\VINYASN\.m2\repository\io\rest-assured\xml-path\5.3.0\xml-path-5.3.0.jar;C:\Users\VINYASN\.m2\repository\org\apache\commons\commons-lang3\3.12.0\commons-lang3-3.12.0.jar;C:\Users\VINYASN\.m2\repository\io\quarkus\quarkus-smallrye-openapi\3.2.4.Final\quarkus-smallrye-openapi-3.2.4.Final.jar;C:\Users\VINYASN\.m2\repository\io\smallrye\smallrye-open-api-core\3.4.0\smallrye-open-api-core-3.4.0.jar;C:\Users\VINYASN\.m2\repository\org\eclipse\microprofile\openapi\microprofile-openapi-api\3.1.1\microprofile-openapi-api-3.1.1.jar;C:\Users\VINYASN\.m2\repository\org\eclipse\microprofile\config\microprofile-config-api\3.0.3\microprofile-config-api-3.0.3.jar;C:\Users\VINYASN\.m2\repository\com\fasterxml\jackson\dataformat\jackson-dataformat-yaml\2.15.2\jackson-dataformat-yaml-2.15.2.jar;C:\Users\VINYASN\.m2\repository\org\yaml\snakeyaml\2.0\snakeyaml-2.0.jar;C:\Users\VINYASN\.m2\repository\io\quarkus\quarkus-swagger-ui\3.2.4.Final\quarkus-swagger-ui-3.2.4.Final.jar;"/>
    <property name="sun.cpu.endian" value="little"/>
    <property name="user.home" value="C:\Users\VINYASN"/>
    <property name="user.language" value="en"/>
    <property name="jboss.log-version" value="false"/>
    <property name="java.specification.vendor" value="Oracle Corporation"/>
    <property name="io.netty.allocator.maxOrder" value="3"/>
    <property name="java.version.date" value="2023-07-18"/>
    <property name="java.home" value="C:\Program Files\Java\jdk-17"/>
    <property name="file.separator" value="\"/>
    <property name="basedir" value="C:\Users\VINYASN\QuarkusProjects\hibernate-orm-panachentity\hibernate-orm-panachentity"/>
    <property name="java.vm.compressedOopsMode" value="Zero based"/>
    <property name="line.separator" value="&#10;"/>
    <property name="java.vm.specification.vendor" value="Oracle Corporation"/>
    <property name="java.specification.name" value="Java Platform API Specification"/>
    <property name="surefire.real.class.path" value="C:\Users\VINYASN\AppData\Local\Temp\surefire12027331708956300224\surefirebooter-20230823144949254_3.jar"/>
    <property name="user.script" value=""/>
    <property name="sun.management.compiler" value="HotSpot 64-Bit Tiered Compilers"/>
    <property name="java.runtime.version" value="17.0.8+9-LTS-211"/>
    <property name="user.name" value="vinyasn"/>
    <property name="dev.resteasy.exception.mapper" value="false"/>
    <property name="path.separator" value=";"/>
    <property name="os.version" value="10.0"/>
    <property name="java.runtime.name" value="Java(TM) SE Runtime Environment"/>
    <property name="file.encoding" value="Cp1252"/>
    <property name="java.vm.name" value="Java HotSpot(TM) 64-Bit Server VM"/>
    <property name="localRepository" value="C:\Users\VINYASN\.m2\repository"/>
    <property name="java.vendor.url.bug" value="https://bugreport.java.com/bugreport/"/>
    <property name="java.io.tmpdir" value="C:\Users\VINYASN\AppData\Local\Temp\"/>
    <property name="quarkus.log.file.path" value="target\quarkus.log"/>
    <property name="java.version" value="17.0.8"/>
    <property name="java.util.concurrent.ForkJoinPool.common.threadFactory" value="io.quarkus.bootstrap.forkjoin.QuarkusForkJoinWorkerThreadFactory"/>
    <property name="user.dir" value="C:\Users\VINYASN\QuarkusProjects\hibernate-orm-panachentity\hibernate-orm-panachentity"/>
    <property name="os.arch" value="amd64"/>
    <property name="java.vm.specification.name" value="Java Virtual Machine Specification"/>
    <property name="vertx.disableDnsResolver" value="true"/>
    <property name="sun.os.patch.level" value=""/>
    <property name="native.encoding" value="Cp1252"/>
    <property name="java.util.logging.manager" value="org.jboss.logmanager.LogManager"/>
    <property name="java.library.path" value="C:\Program Files\Java\jdk-17\bin;C:\WINDOWS\Sun\Java\bin;C:\WINDOWS\system32;C:\WINDOWS;C:\Program Files\Java\jdk-17\bin;C:\Program Files\Java\jdk1.8.0_192\bin;C:\Program Files (x86)\Common Files\Oracle\Java\javapath;C:\Program Files\Eclipse Adoptium\jdk-17.0.3.7-hotspot\bin;C:\WINDOWS\system32;C:\WINDOWS;C:\WINDOWS\System32\Wbem;C:\WINDOWS\System32\WindowsPowerShell\v1.0\;C:\WINDOWS\System32\OpenSSH\;C:\Program Files\Git\cmd;C:\Program Files (x86)\apache-maven-3.9.4\bin;C:\Users\VINYASN\.jbang\bin;C:\Users\VINYASN\.jbang\bin;C:\Users\VINYASN\.jbang\bin;C:\Users\VINYASN\.jbang\bin;C:\Users\VINYASN\.jbang\bin;C:\Users\VINYASN\.jbang\bin;C:\Users\VINYASN\AppData\Local\Microsoft\WindowsApps;C:\gradles\gradle-7.6\bin;C:\Users\VINYASN\Documents\spring-2.3.9.RELEASE\bin;C:\Users\VINYASN\Documents\node-v18.14.1-win-x64;;C:\Users\VINYASN\AppData\Local\Programs\Microsoft VS Code\bin;."/>
    <property name="java.vm.info" value="mixed mode, sharing"/>
    <property name="java.vendor" value="Oracle Corporation"/>
    <property name="vertx.disableTCCL" value="true"/>
    <property name="java.vm.version" value="17.0.8+9-LTS-211"/>
    <property name="sun.io.unicode.encoding" value="UnicodeLittle"/>
    <property name="io.netty.machineId" value="10:04:c3:9f:87:f1:5f:97"/>
    <property name="java.class.version" value="61.0"/>
    <property name="mp.openapi.extensions.smallrye.defaultConsumes" value="application/json"/>
  </properties>
  <testcase name="testHelloEndpoint" classname="org.vinyas.LaptopResourceTest" time="0.019">
    <error message="java.lang.RuntimeException: Failed to start quarkus" type="java.lang.RuntimeException"><![CDATA[java.lang.RuntimeException: java.lang.RuntimeException: Failed to start quarkus
	at io.quarkus.test.junit.QuarkusTestExtension.throwBootFailureException(QuarkusTestExtension.java:640)
	at io.quarkus.test.junit.QuarkusTestExtension.interceptTestClassConstructor(QuarkusTestExtension.java:711)
	at org.junit.jupiter.engine.execution.InterceptingExecutableInvoker.lambda$invoke$0(InterceptingExecutableInvoker.java:93)
	at org.junit.jupiter.engine.execution.InvocationInterceptorChain$InterceptedInvocation.proceed(InvocationInterceptorChain.java:106)
	at org.junit.jupiter.api.extension.InvocationInterceptor.interceptTestClassConstructor(InvocationInterceptor.java:73)
	at org.junit.jupiter.engine.execution.InterceptingExecutableInvoker.lambda$invoke$0(InterceptingExecutableInvoker.java:93)
	at org.junit.jupiter.engine.execution.InvocationInterceptorChain$InterceptedInvocation.proceed(InvocationInterceptorChain.java:106)
	at org.junit.jupiter.engine.execution.InvocationInterceptorChain.proceed(InvocationInterceptorChain.java:64)
	at org.junit.jupiter.engine.execution.InvocationInterceptorChain.chainAndInvoke(InvocationInterceptorChain.java:45)
	at org.junit.jupiter.engine.execution.InvocationInterceptorChain.invoke(InvocationInterceptorChain.java:37)
	at org.junit.jupiter.engine.execution.InterceptingExecutableInvoker.invoke(InterceptingExecutableInvoker.java:92)
	at org.junit.jupiter.engine.execution.InterceptingExecutableInvoker.invoke(InterceptingExecutableInvoker.java:62)
	at org.junit.jupiter.engine.descriptor.ClassBasedTestDescriptor.invokeTestClassConstructor(ClassBasedTestDescriptor.java:363)
	at org.junit.jupiter.engine.descriptor.ClassBasedTestDescriptor.instantiateTestClass(ClassBasedTestDescriptor.java:310)
	at org.junit.jupiter.engine.descriptor.ClassTestDescriptor.instantiateTestClass(ClassTestDescriptor.java:79)
	at org.junit.jupiter.engine.descriptor.ClassBasedTestDescriptor.instantiateAndPostProcessTestInstance(ClassBasedTestDescriptor.java:286)
	at org.junit.jupiter.engine.descriptor.ClassBasedTestDescriptor.lambda$testInstancesProvider$4(ClassBasedTestDescriptor.java:278)
	at java.base/java.util.Optional.orElseGet(Optional.java:364)
	at org.junit.jupiter.engine.descriptor.ClassBasedTestDescriptor.lambda$testInstancesProvider$5(ClassBasedTestDescriptor.java:277)
	at org.junit.jupiter.engine.execution.TestInstancesProvider.getTestInstances(TestInstancesProvider.java:31)
	at org.junit.jupiter.engine.descriptor.TestMethodTestDescriptor.lambda$prepare$0(TestMethodTestDescriptor.java:105)
	at org.junit.platform.engine.support.hierarchical.ThrowableCollector.execute(ThrowableCollector.java:73)
	at org.junit.jupiter.engine.descriptor.TestMethodTestDescriptor.prepare(TestMethodTestDescriptor.java:104)
	at org.junit.jupiter.engine.descriptor.TestMethodTestDescriptor.prepare(TestMethodTestDescriptor.java:68)
	at org.junit.platform.engine.support.hierarchical.NodeTestTask.lambda$prepare$2(NodeTestTask.java:123)
	at org.junit.platform.engine.support.hierarchical.ThrowableCollector.execute(ThrowableCollector.java:73)
	at org.junit.platform.engine.support.hierarchical.NodeTestTask.prepare(NodeTestTask.java:123)
	at org.junit.platform.engine.support.hierarchical.NodeTestTask.execute(NodeTestTask.java:90)
	at java.base/java.util.ArrayList.forEach(ArrayList.java:1511)
	at org.junit.platform.engine.support.hierarchical.SameThreadHierarchicalTestExecutorService.invokeAll(SameThreadHierarchicalTestExecutorService.java:41)
	at org.junit.platform.engine.support.hierarchical.NodeTestTask.lambda$executeRecursively$6(NodeTestTask.java:155)
	at org.junit.platform.engine.support.hierarchical.ThrowableCollector.execute(ThrowableCollector.java:73)
	at org.junit.platform.engine.support.hierarchical.NodeTestTask.lambda$executeRecursively$8(NodeTestTask.java:141)
	at org.junit.platform.engine.support.hierarchical.Node.around(Node.java:137)
	at org.junit.platform.engine.support.hierarchical.NodeTestTask.lambda$executeRecursively$9(NodeTestTask.java:139)
	at org.junit.platform.engine.support.hierarchical.ThrowableCollector.execute(ThrowableCollector.java:73)
	at org.junit.platform.engine.support.hierarchical.NodeTestTask.executeRecursively(NodeTestTask.java:138)
	at org.junit.platform.engine.support.hierarchical.NodeTestTask.execute(NodeTestTask.java:95)
	at java.base/java.util.ArrayList.forEach(ArrayList.java:1511)
	at org.junit.platform.engine.support.hierarchical.SameThreadHierarchicalTestExecutorService.invokeAll(SameThreadHierarchicalTestExecutorService.java:41)
	at org.junit.platform.engine.support.hierarchical.NodeTestTask.lambda$executeRecursively$6(NodeTestTask.java:155)
	at org.junit.platform.engine.support.hierarchical.ThrowableCollector.execute(ThrowableCollector.java:73)
	at org.junit.platform.engine.support.hierarchical.NodeTestTask.lambda$executeRecursively$8(NodeTestTask.java:141)
	at org.junit.platform.engine.support.hierarchical.Node.around(Node.java:137)
	at org.junit.platform.engine.support.hierarchical.NodeTestTask.lambda$executeRecursively$9(NodeTestTask.java:139)
	at org.junit.platform.engine.support.hierarchical.ThrowableCollector.execute(ThrowableCollector.java:73)
	at org.junit.platform.engine.support.hierarchical.NodeTestTask.executeRecursively(NodeTestTask.java:138)
	at org.junit.platform.engine.support.hierarchical.NodeTestTask.execute(NodeTestTask.java:95)
	at org.junit.platform.engine.support.hierarchical.SameThreadHierarchicalTestExecutorService.submit(SameThreadHierarchicalTestExecutorService.java:35)
	at org.junit.platform.engine.support.hierarchical.HierarchicalTestExecutor.execute(HierarchicalTestExecutor.java:57)
	at org.junit.platform.engine.support.hierarchical.HierarchicalTestEngine.execute(HierarchicalTestEngine.java:54)
	at org.junit.platform.launcher.core.EngineExecutionOrchestrator.execute(EngineExecutionOrchestrator.java:147)
	at org.junit.platform.launcher.core.EngineExecutionOrchestrator.execute(EngineExecutionOrchestrator.java:127)
	at org.junit.platform.launcher.core.EngineExecutionOrchestrator.execute(EngineExecutionOrchestrator.java:90)
	at org.junit.platform.launcher.core.EngineExecutionOrchestrator.lambda$execute$0(EngineExecutionOrchestrator.java:55)
	at org.junit.platform.launcher.core.EngineExecutionOrchestrator.withInterceptedStreams(EngineExecutionOrchestrator.java:102)
	at org.junit.platform.launcher.core.EngineExecutionOrchestrator.execute(EngineExecutionOrchestrator.java:54)
	at org.junit.platform.launcher.core.DefaultLauncher.execute(DefaultLauncher.java:114)
	at org.junit.platform.launcher.core.DefaultLauncher.execute(DefaultLauncher.java:86)
	at org.junit.platform.launcher.core.DefaultLauncherSession$DelegatingLauncher.execute(DefaultLauncherSession.java:86)
	at org.apache.maven.surefire.junitplatform.LazyLauncher.execute(LazyLauncher.java:50)
	at org.apache.maven.surefire.junitplatform.JUnitPlatformProvider.execute(JUnitPlatformProvider.java:184)
	at org.apache.maven.surefire.junitplatform.JUnitPlatformProvider.invokeAllTests(JUnitPlatformProvider.java:148)
	at org.apache.maven.surefire.junitplatform.JUnitPlatformProvider.invoke(JUnitPlatformProvider.java:122)
	at org.apache.maven.surefire.booter.ForkedBooter.runSuitesInProcess(ForkedBooter.java:385)
	at org.apache.maven.surefire.booter.ForkedBooter.execute(ForkedBooter.java:162)
	at org.apache.maven.surefire.booter.ForkedBooter.run(ForkedBooter.java:507)
	at org.apache.maven.surefire.booter.ForkedBooter.main(ForkedBooter.java:495)
Caused by: java.lang.RuntimeException: Failed to start quarkus
	at io.quarkus.runner.ApplicationImpl.doStart(Unknown Source)
	at io.quarkus.runtime.Application.start(Application.java:101)
	at java.base/jdk.internal.reflect.NativeMethodAccessorImpl.invoke0(Native Method)
	at java.base/jdk.internal.reflect.NativeMethodAccessorImpl.invoke(NativeMethodAccessorImpl.java:77)
	at java.base/jdk.internal.reflect.DelegatingMethodAccessorImpl.invoke(DelegatingMethodAccessorImpl.java:43)
	at java.base/java.lang.reflect.Method.invoke(Method.java:568)
	at io.quarkus.runner.bootstrap.StartupActionImpl.run(StartupActionImpl.java:273)
	at io.quarkus.test.junit.QuarkusTestExtension.doJavaStart(QuarkusTestExtension.java:251)
	at io.quarkus.test.junit.QuarkusTestExtension.ensureStarted(QuarkusTestExtension.java:607)
	at io.quarkus.test.junit.QuarkusTestExtension.beforeAll(QuarkusTestExtension.java:655)
	at org.junit.jupiter.engine.descriptor.ClassBasedTestDescriptor.lambda$invokeBeforeAllCallbacks$12(ClassBasedTestDescriptor.java:395)
	at org.junit.platform.engine.support.hierarchical.ThrowableCollector.execute(ThrowableCollector.java:73)
	at org.junit.jupiter.engine.descriptor.ClassBasedTestDescriptor.invokeBeforeAllCallbacks(ClassBasedTestDescriptor.java:395)
	at org.junit.jupiter.engine.descriptor.ClassBasedTestDescriptor.before(ClassBasedTestDescriptor.java:211)
	at org.junit.jupiter.engine.descriptor.ClassBasedTestDescriptor.before(ClassBasedTestDescriptor.java:84)
	at org.junit.platform.engine.support.hierarchical.NodeTestTask.lambda$executeRecursively$6(NodeTestTask.java:148)
	... 37 more
Caused by: java.lang.RuntimeException: jakarta.persistence.PersistenceException: [PersistenceUnit: <default>] Unable to build Hibernate SessionFactory
	at io.quarkus.hibernate.orm.runtime.JPAConfig.startAll(JPAConfig.java:78)
	at io.quarkus.hibernate.orm.runtime.HibernateOrmRecorder.startAllPersistenceUnits(HibernateOrmRecorder.java:101)
	at io.quarkus.deployment.steps.HibernateOrmProcessor$startPersistenceUnits1868654632.deploy_0(Unknown Source)
	at io.quarkus.deployment.steps.HibernateOrmProcessor$startPersistenceUnits1868654632.deploy(Unknown Source)
	... 53 more
Caused by: jakarta.persistence.PersistenceException: [PersistenceUnit: <default>] Unable to build Hibernate SessionFactory
	at io.quarkus.hibernate.orm.runtime.boot.FastBootEntityManagerFactoryBuilder.persistenceException(FastBootEntityManagerFactoryBuilder.java:126)
	at io.quarkus.hibernate.orm.runtime.boot.FastBootEntityManagerFactoryBuilder.build(FastBootEntityManagerFactoryBuilder.java:86)
	at io.quarkus.hibernate.orm.runtime.FastBootHibernatePersistenceProvider.createEntityManagerFactory(FastBootHibernatePersistenceProvider.java:74)
	at jakarta.persistence.Persistence.createEntityManagerFactory(Persistence.java:80)
	at jakarta.persistence.Persistence.createEntityManagerFactory(Persistence.java:55)
	at io.quarkus.hibernate.orm.runtime.JPAConfig$LazyPersistenceUnit.get(JPAConfig.java:156)
	at io.quarkus.hibernate.orm.runtime.JPAConfig$1.run(JPAConfig.java:64)
	at java.base/java.lang.Thread.run(Thread.java:833)
Caused by: org.hibernate.exception.GenericJDBCException: Unable to open JDBC Connection for DDL execution [FATAL: password authentication failed for user "root"] [n/a]
	at org.hibernate.exception.internal.StandardSQLExceptionConverter.convert(StandardSQLExceptionConverter.java:61)
	at org.hibernate.engine.jdbc.spi.SqlExceptionHelper.convert(SqlExceptionHelper.java:108)
	at org.hibernate.engine.jdbc.spi.SqlExceptionHelper.convert(SqlExceptionHelper.java:94)
	at org.hibernate.resource.transaction.backend.jta.internal.DdlTransactionIsolatorJtaImpl.getIsolatedConnection(DdlTransactionIsolatorJtaImpl.java:77)
	at org.hibernate.tool.schema.internal.exec.GenerationTargetToDatabase.getIsolatedConnection(GenerationTargetToDatabase.java:60)
	at org.hibernate.tool.schema.internal.exec.GenerationTargetToDatabase.jdbcStatement(GenerationTargetToDatabase.java:110)
	at org.hibernate.tool.schema.internal.exec.GenerationTargetToDatabase.accept(GenerationTargetToDatabase.java:77)
	at org.hibernate.tool.schema.internal.Helper.applySqlString(Helper.java:235)
	at org.hibernate.tool.schema.internal.Helper.applySqlStrings(Helper.java:219)
	at org.hibernate.tool.schema.internal.SchemaDropperImpl.dropTables(SchemaDropperImpl.java:362)
	at org.hibernate.tool.schema.internal.SchemaDropperImpl.dropConstraintsTablesSequences(SchemaDropperImpl.java:253)
	at org.hibernate.tool.schema.internal.SchemaDropperImpl.dropFromMetadata(SchemaDropperImpl.java:215)
	at org.hibernate.tool.schema.internal.SchemaDropperImpl.performDrop(SchemaDropperImpl.java:185)
	at org.hibernate.tool.schema.internal.SchemaDropperImpl.doDrop(SchemaDropperImpl.java:155)
	at org.hibernate.tool.schema.internal.SchemaDropperImpl.doDrop(SchemaDropperImpl.java:115)
	at org.hibernate.tool.schema.spi.SchemaManagementToolCoordinator.performDatabaseAction(SchemaManagementToolCoordinator.java:242)
	at org.hibernate.tool.schema.spi.SchemaManagementToolCoordinator.lambda$process$5(SchemaManagementToolCoordinator.java:143)
	at java.base/java.util.HashMap.forEach(HashMap.java:1421)
	at org.hibernate.tool.schema.spi.SchemaManagementToolCoordinator.process(SchemaManagementToolCoordinator.java:140)
	at io.quarkus.hibernate.orm.runtime.observers.SessionFactoryObserverForSchemaExport.sessionFactoryCreated(SessionFactoryObserverForSchemaExport.java:21)
	at org.hibernate.internal.SessionFactoryObserverChain.sessionFactoryCreated(SessionFactoryObserverChain.java:35)
	at org.hibernate.internal.SessionFactoryImpl.<init>(SessionFactoryImpl.java:292)
	at io.quarkus.hibernate.orm.runtime.boot.FastBootEntityManagerFactoryBuilder.build(FastBootEntityManagerFactoryBuilder.java:84)
	... 6 more
Caused by: org.postgresql.util.PSQLException: FATAL: password authentication failed for user "root"
	at org.postgresql.core.v3.ConnectionFactoryImpl.doAuthentication(ConnectionFactoryImpl.java:693)
	at org.postgresql.core.v3.ConnectionFactoryImpl.tryConnect(ConnectionFactoryImpl.java:203)
	at org.postgresql.core.v3.ConnectionFactoryImpl.openConnectionImpl(ConnectionFactoryImpl.java:258)
	at org.postgresql.core.ConnectionFactory.openConnection(ConnectionFactory.java:54)
	at org.postgresql.jdbc.PgConnection.<init>(PgConnection.java:263)
	at org.postgresql.Driver.makeConnection(Driver.java:443)
	at org.postgresql.Driver.connect(Driver.java:297)
	at io.agroal.pool.ConnectionFactory.createConnection(ConnectionFactory.java:226)
	at io.agroal.pool.ConnectionPool$CreateConnectionTask.call(ConnectionPool.java:536)
	at io.agroal.pool.ConnectionPool$CreateConnectionTask.call(ConnectionPool.java:517)
	at java.base/java.util.concurrent.FutureTask.run(FutureTask.java:264)
	at io.agroal.pool.util.PriorityScheduledExecutor.beforeExecute(PriorityScheduledExecutor.java:75)
	at java.base/java.util.concurrent.ThreadPoolExecutor.runWorker(ThreadPoolExecutor.java:1134)
	at java.base/java.util.concurrent.ThreadPoolExecutor$Worker.run(ThreadPoolExecutor.java:635)
	... 1 more
]]></error>
    <system-out><![CDATA[2023-08-23 14:50:08,479 WARN  [io.agr.pool] (agroal-11) Datasource '<default>': FATAL: password authentication failed for user "root"
2023-08-23 14:50:08,482 WARN  [org.hib.eng.jdb.env.int.JdbcEnvironmentInitiator] (JPA Startup Thread) HHH000342: Could not obtain connection to query metadata: org.postgresql.util.PSQLException: FATAL: password authentication failed for user "root"
	at org.postgresql.core.v3.ConnectionFactoryImpl.doAuthentication(ConnectionFactoryImpl.java:693)
	at org.postgresql.core.v3.ConnectionFactoryImpl.tryConnect(ConnectionFactoryImpl.java:203)
	at org.postgresql.core.v3.ConnectionFactoryImpl.openConnectionImpl(ConnectionFactoryImpl.java:258)
	at org.postgresql.core.ConnectionFactory.openConnection(ConnectionFactory.java:54)
	at org.postgresql.jdbc.PgConnection.<init>(PgConnection.java:263)
	at org.postgresql.Driver.makeConnection(Driver.java:443)
	at org.postgresql.Driver.connect(Driver.java:297)
	at io.agroal.pool.ConnectionFactory.createConnection(ConnectionFactory.java:226)
	at io.agroal.pool.ConnectionPool$CreateConnectionTask.call(ConnectionPool.java:536)
	at io.agroal.pool.ConnectionPool$CreateConnectionTask.call(ConnectionPool.java:517)
	at java.base/java.util.concurrent.FutureTask.run(FutureTask.java:264)
	at io.agroal.pool.util.PriorityScheduledExecutor.beforeExecute(PriorityScheduledExecutor.java:75)
	at java.base/java.util.concurrent.ThreadPoolExecutor.runWorker(ThreadPoolExecutor.java:1134)
	at java.base/java.util.concurrent.ThreadPoolExecutor$Worker.run(ThreadPoolExecutor.java:635)
	at java.base/java.lang.Thread.run(Thread.java:833)

2023-08-23 14:50:09,825 WARN  [io.agr.pool] (agroal-11) Datasource '<default>': FATAL: password authentication failed for user "root"
2023-08-23 14:50:09,826 WARN  [org.hib.eng.jdb.spi.SqlExceptionHelper] (JPA Startup Thread) SQL Error: 0, SQLState: 28P01
2023-08-23 14:50:09,827 ERROR [org.hib.eng.jdb.spi.SqlExceptionHelper] (JPA Startup Thread) FATAL: password authentication failed for user "root"
]]></system-out>
  </testcase>
</testsuite>